TimeQuest Timing Analyzer report for hierarquiaMemoria
Sun Mar 12 17:23:35 2017
Quartus II 64-Bit Version 13.0.1 Build 232 06/12/2013 Service Pack 1 SJ Web Edition


---------------------
; Table of Contents ;
---------------------
  1. Legal Notice
  2. TimeQuest Timing Analyzer Summary
  3. Parallel Compilation
  4. Clocks
  5. Slow Model Fmax Summary
  6. Slow Model Setup Summary
  7. Slow Model Hold Summary
  8. Slow Model Recovery Summary
  9. Slow Model Removal Summary
 10. Slow Model Minimum Pulse Width Summary
 11. Propagation Delay
 12. Minimum Propagation Delay
 13. Fast Model Setup Summary
 14. Fast Model Hold Summary
 15. Fast Model Recovery Summary
 16. Fast Model Removal Summary
 17. Fast Model Minimum Pulse Width Summary
 18. Propagation Delay
 19. Minimum Propagation Delay
 20. Multicorner Timing Analysis Summary
 21. Progagation Delay
 22. Minimum Progagation Delay
 23. Clock Transfers
 24. Report TCCS
 25. Report RSKM
 26. Unconstrained Paths
 27. TimeQuest Timing Analyzer Messages



----------------
; Legal Notice ;
----------------
Copyright (C) 1991-2013 Altera Corporation
Your use of Altera Corporation's design tools, logic functions 
and other software and tools, and its AMPP partner logic 
functions, and any output files from any of the foregoing 
(including device programming or simulation files), and any 
associated documentation or information are expressly subject 
to the terms and conditions of the Altera Program License 
Subscription Agreement, Altera MegaCore Function License 
Agreement, or other applicable license agreement, including, 
without limitation, that your use is for the sole purpose of 
programming logic devices manufactured by Altera and sold by 
Altera or its authorized distributors.  Please refer to the 
applicable agreement for further details.



+----------------------------------------------------------------------------------------+
; TimeQuest Timing Analyzer Summary                                                      ;
+--------------------+-------------------------------------------------------------------+
; Quartus II Version ; Version 13.0.1 Build 232 06/12/2013 Service Pack 1 SJ Web Edition ;
; Revision Name      ; hierarquiaMemoria                                                 ;
; Device Family      ; Cyclone II                                                        ;
; Device Name        ; EP2C35F672C6                                                      ;
; Timing Models      ; Final                                                             ;
; Delay Model        ; Combined                                                          ;
; Rise/Fall Delays   ; Unavailable                                                       ;
+--------------------+-------------------------------------------------------------------+


Parallel compilation was disabled, but you have multiple processors available. Enable parallel compilation to reduce compilation time.
+-------------------------------------+
; Parallel Compilation                ;
+----------------------------+--------+
; Processors                 ; Number ;
+----------------------------+--------+
; Number detected on machine ; 4      ;
; Maximum allowed            ; 1      ;
+----------------------------+--------+


----------
; Clocks ;
----------
No clocks to report.


---------------------------
; Slow Model Fmax Summary ;
---------------------------
No paths to report.


----------------------------
; Slow Model Setup Summary ;
----------------------------
No paths to report.


---------------------------
; Slow Model Hold Summary ;
---------------------------
No paths to report.


-------------------------------
; Slow Model Recovery Summary ;
-------------------------------
No paths to report.


------------------------------
; Slow Model Removal Summary ;
------------------------------
No paths to report.


------------------------------------------
; Slow Model Minimum Pulse Width Summary ;
------------------------------------------
No paths to report.


+----------------------------------------------------------+
; Propagation Delay                                        ;
+------------+-------------+-------+-------+-------+-------+
; Input Port ; Output Port ; RR    ; RF    ; FR    ; FF    ;
+------------+-------------+-------+-------+-------+-------+
; SW[0]      ; HEX2[0]     ; 6.311 ; 6.311 ; 6.311 ; 6.311 ;
; SW[0]      ; HEX2[1]     ; 6.269 ; 6.269 ; 6.269 ; 6.269 ;
; SW[0]      ; HEX2[2]     ;       ; 6.202 ; 6.202 ;       ;
; SW[0]      ; HEX2[3]     ; 6.269 ; 6.269 ; 6.269 ; 6.269 ;
; SW[0]      ; HEX2[4]     ; 6.021 ;       ;       ; 6.021 ;
; SW[0]      ; HEX2[5]     ; 6.015 ;       ;       ; 6.015 ;
; SW[0]      ; HEX2[6]     ; 6.004 ; 6.004 ; 6.004 ; 6.004 ;
; SW[1]      ; HEX2[0]     ; 6.499 ; 6.499 ; 6.499 ; 6.499 ;
; SW[1]      ; HEX2[1]     ; 6.457 ; 6.457 ; 6.457 ; 6.457 ;
; SW[1]      ; HEX2[2]     ; 6.392 ;       ;       ; 6.392 ;
; SW[1]      ; HEX2[3]     ; 6.455 ; 6.455 ; 6.455 ; 6.455 ;
; SW[1]      ; HEX2[4]     ;       ; 6.211 ; 6.211 ;       ;
; SW[1]      ; HEX2[5]     ; 6.200 ; 6.200 ; 6.200 ; 6.200 ;
; SW[1]      ; HEX2[6]     ; 6.188 ; 6.188 ; 6.188 ; 6.188 ;
; SW[2]      ; HEX2[0]     ; 6.176 ; 6.176 ; 6.176 ; 6.176 ;
; SW[2]      ; HEX2[1]     ; 6.122 ;       ;       ; 6.122 ;
; SW[2]      ; HEX2[2]     ; 6.056 ; 6.056 ; 6.056 ; 6.056 ;
; SW[2]      ; HEX2[3]     ; 6.137 ; 6.137 ; 6.137 ; 6.137 ;
; SW[2]      ; HEX2[4]     ; 5.875 ; 5.875 ; 5.875 ; 5.875 ;
; SW[2]      ; HEX2[5]     ; 5.884 ; 5.884 ; 5.884 ; 5.884 ;
; SW[2]      ; HEX2[6]     ; 5.872 ; 5.872 ; 5.872 ; 5.872 ;
; SW[3]      ; HEX2[0]     ; 6.914 ; 6.914 ; 6.914 ; 6.914 ;
; SW[3]      ; HEX2[1]     ; 6.864 ; 6.864 ; 6.864 ; 6.864 ;
; SW[3]      ; HEX2[2]     ; 6.772 ; 6.772 ; 6.772 ; 6.772 ;
; SW[3]      ; HEX2[3]     ; 6.876 ; 6.876 ; 6.876 ; 6.876 ;
; SW[3]      ; HEX2[4]     ;       ; 6.613 ; 6.613 ;       ;
; SW[3]      ; HEX2[5]     ; 6.590 ; 6.590 ; 6.590 ; 6.590 ;
; SW[3]      ; HEX2[6]     ; 6.609 ; 6.609 ; 6.609 ; 6.609 ;
; SW[4]      ; HEX3[0]     ; 6.533 ; 6.533 ; 6.533 ; 6.533 ;
; SW[4]      ; HEX3[1]     ; 6.309 ; 6.309 ; 6.309 ; 6.309 ;
; SW[4]      ; HEX3[2]     ;       ; 6.307 ; 6.307 ;       ;
; SW[4]      ; HEX3[3]     ; 6.270 ; 6.270 ; 6.270 ; 6.270 ;
; SW[4]      ; HEX3[4]     ; 6.309 ;       ;       ; 6.309 ;
; SW[4]      ; HEX3[5]     ; 6.523 ;       ;       ; 6.523 ;
; SW[4]      ; HEX3[6]     ; 6.573 ; 6.573 ; 6.573 ; 6.573 ;
; SW[5]      ; HEX3[0]     ; 6.901 ; 6.901 ; 6.901 ; 6.901 ;
; SW[5]      ; HEX3[1]     ; 6.713 ; 6.713 ; 6.713 ; 6.713 ;
; SW[5]      ; HEX3[2]     ; 6.711 ;       ;       ; 6.711 ;
; SW[5]      ; HEX3[3]     ; 6.670 ; 6.670 ; 6.670 ; 6.670 ;
; SW[5]      ; HEX3[4]     ;       ; 6.683 ; 6.683 ;       ;
; SW[5]      ; HEX3[5]     ; 6.919 ; 6.919 ; 6.919 ; 6.919 ;
; SW[5]      ; HEX3[6]     ; 6.973 ; 6.973 ; 6.973 ; 6.973 ;
; SW[6]      ; HEX3[0]     ; 6.711 ; 6.711 ; 6.711 ; 6.711 ;
; SW[6]      ; HEX3[1]     ; 6.499 ;       ;       ; 6.499 ;
; SW[6]      ; HEX3[2]     ; 6.497 ; 6.497 ; 6.497 ; 6.497 ;
; SW[6]      ; HEX3[3]     ; 6.455 ; 6.455 ; 6.455 ; 6.455 ;
; SW[6]      ; HEX3[4]     ; 6.499 ; 6.499 ; 6.499 ; 6.499 ;
; SW[6]      ; HEX3[5]     ; 6.702 ; 6.702 ; 6.702 ; 6.702 ;
; SW[6]      ; HEX3[6]     ; 6.752 ; 6.752 ; 6.752 ; 6.752 ;
; SW[7]      ; HEX3[0]     ; 7.426 ; 7.426 ; 7.426 ; 7.426 ;
; SW[7]      ; HEX3[1]     ; 7.239 ; 7.239 ; 7.239 ; 7.239 ;
; SW[7]      ; HEX3[2]     ; 7.238 ; 7.238 ; 7.238 ; 7.238 ;
; SW[7]      ; HEX3[3]     ; 7.192 ; 7.192 ; 7.192 ; 7.192 ;
; SW[7]      ; HEX3[4]     ;       ; 7.210 ; 7.210 ;       ;
; SW[7]      ; HEX3[5]     ; 7.411 ; 7.411 ; 7.411 ; 7.411 ;
; SW[7]      ; HEX3[6]     ; 7.484 ; 7.484 ; 7.484 ; 7.484 ;
; SW[8]      ; HEX4[0]     ; 7.219 ; 7.219 ; 7.219 ; 7.219 ;
; SW[8]      ; HEX4[1]     ; 7.221 ; 7.221 ; 7.221 ; 7.221 ;
; SW[8]      ; HEX4[2]     ;       ; 7.107 ; 7.107 ;       ;
; SW[8]      ; HEX4[3]     ; 6.924 ; 6.924 ; 6.924 ; 6.924 ;
; SW[8]      ; HEX4[4]     ; 6.931 ;       ;       ; 6.931 ;
; SW[8]      ; HEX4[5]     ; 6.931 ;       ;       ; 6.931 ;
; SW[8]      ; HEX4[6]     ; 7.100 ; 7.100 ; 7.100 ; 7.100 ;
; SW[9]      ; HEX4[0]     ; 7.139 ; 7.139 ; 7.139 ; 7.139 ;
; SW[9]      ; HEX4[1]     ; 7.141 ; 7.141 ; 7.141 ; 7.141 ;
; SW[9]      ; HEX4[2]     ; 7.028 ;       ;       ; 7.028 ;
; SW[9]      ; HEX4[3]     ; 6.844 ; 6.844 ; 6.844 ; 6.844 ;
; SW[9]      ; HEX4[4]     ;       ; 6.851 ; 6.851 ;       ;
; SW[9]      ; HEX4[5]     ; 6.850 ; 6.850 ; 6.850 ; 6.850 ;
; SW[9]      ; HEX4[6]     ; 7.018 ; 7.018 ; 7.018 ; 7.018 ;
; SW[10]     ; HEX4[0]     ; 5.860 ; 5.860 ; 5.860 ; 5.860 ;
; SW[10]     ; HEX4[1]     ; 5.862 ;       ;       ; 5.862 ;
; SW[10]     ; HEX4[2]     ; 5.746 ; 5.746 ; 5.746 ; 5.746 ;
; SW[10]     ; HEX4[3]     ; 5.565 ; 5.565 ; 5.565 ; 5.565 ;
; SW[10]     ; HEX4[4]     ; 5.572 ; 5.572 ; 5.572 ; 5.572 ;
; SW[10]     ; HEX4[5]     ; 5.577 ; 5.577 ; 5.577 ; 5.577 ;
; SW[10]     ; HEX4[6]     ; 5.746 ; 5.746 ; 5.746 ; 5.746 ;
; SW[11]     ; HEX4[0]     ; 5.807 ; 5.807 ; 5.807 ; 5.807 ;
; SW[11]     ; HEX4[1]     ; 5.808 ; 5.808 ; 5.808 ; 5.808 ;
; SW[11]     ; HEX4[2]     ; 5.693 ; 5.693 ; 5.693 ; 5.693 ;
; SW[11]     ; HEX4[3]     ; 5.496 ; 5.496 ; 5.496 ; 5.496 ;
; SW[11]     ; HEX4[4]     ;       ; 5.527 ; 5.527 ;       ;
; SW[11]     ; HEX4[5]     ; 5.537 ; 5.537 ; 5.537 ; 5.537 ;
; SW[11]     ; HEX4[6]     ; 5.705 ; 5.705 ; 5.705 ; 5.705 ;
; SW[12]     ; HEX5[0]     ; 5.256 ; 5.256 ; 5.256 ; 5.256 ;
; SW[12]     ; HEX5[1]     ; 5.228 ; 5.228 ; 5.228 ; 5.228 ;
; SW[12]     ; HEX5[2]     ;       ; 5.236 ; 5.236 ;       ;
; SW[12]     ; HEX5[3]     ; 5.552 ; 5.552 ; 5.552 ; 5.552 ;
; SW[12]     ; HEX5[4]     ; 5.539 ;       ;       ; 5.539 ;
; SW[12]     ; HEX5[5]     ; 5.531 ;       ;       ; 5.531 ;
; SW[12]     ; HEX5[6]     ; 5.561 ; 5.561 ; 5.561 ; 5.561 ;
; SW[13]     ; HEX5[0]     ; 9.492 ; 9.492 ; 9.492 ; 9.492 ;
; SW[13]     ; HEX5[1]     ; 9.498 ; 9.498 ; 9.498 ; 9.498 ;
; SW[13]     ; HEX5[2]     ; 9.488 ;       ;       ; 9.488 ;
; SW[13]     ; HEX5[3]     ; 9.817 ; 9.817 ; 9.817 ; 9.817 ;
; SW[13]     ; HEX5[4]     ;       ; 9.771 ; 9.771 ;       ;
; SW[13]     ; HEX5[5]     ; 9.787 ; 9.787 ; 9.787 ; 9.787 ;
; SW[13]     ; HEX5[6]     ; 9.816 ; 9.816 ; 9.816 ; 9.816 ;
; SW[14]     ; HEX5[0]     ; 9.597 ; 9.597 ; 9.597 ; 9.597 ;
; SW[14]     ; HEX5[1]     ; 9.570 ;       ;       ; 9.570 ;
; SW[14]     ; HEX5[2]     ; 9.561 ; 9.561 ; 9.561 ; 9.561 ;
; SW[14]     ; HEX5[3]     ; 9.892 ; 9.892 ; 9.892 ; 9.892 ;
; SW[14]     ; HEX5[4]     ; 9.868 ; 9.868 ; 9.868 ; 9.868 ;
; SW[14]     ; HEX5[5]     ; 9.859 ; 9.859 ; 9.859 ; 9.859 ;
; SW[14]     ; HEX5[6]     ; 9.888 ; 9.888 ; 9.888 ; 9.888 ;
; SW[15]     ; HEX5[0]     ; 9.468 ; 9.468 ; 9.468 ; 9.468 ;
; SW[15]     ; HEX5[1]     ; 9.471 ; 9.471 ; 9.471 ; 9.471 ;
; SW[15]     ; HEX5[2]     ; 9.466 ; 9.466 ; 9.466 ; 9.466 ;
; SW[15]     ; HEX5[3]     ; 9.794 ; 9.794 ; 9.794 ; 9.794 ;
; SW[15]     ; HEX5[4]     ;       ; 9.735 ; 9.735 ;       ;
; SW[15]     ; HEX5[5]     ; 9.728 ; 9.728 ; 9.728 ; 9.728 ;
; SW[15]     ; HEX5[6]     ; 9.790 ; 9.790 ; 9.790 ; 9.790 ;
+------------+-------------+-------+-------+-------+-------+


+----------------------------------------------------------+
; Minimum Propagation Delay                                ;
+------------+-------------+-------+-------+-------+-------+
; Input Port ; Output Port ; RR    ; RF    ; FR    ; FF    ;
+------------+-------------+-------+-------+-------+-------+
; SW[0]      ; HEX2[0]     ; 6.311 ; 6.311 ; 6.311 ; 6.311 ;
; SW[0]      ; HEX2[1]     ; 6.269 ; 6.269 ; 6.269 ; 6.269 ;
; SW[0]      ; HEX2[2]     ;       ; 6.202 ; 6.202 ;       ;
; SW[0]      ; HEX2[3]     ; 6.269 ; 6.269 ; 6.269 ; 6.269 ;
; SW[0]      ; HEX2[4]     ; 6.021 ;       ;       ; 6.021 ;
; SW[0]      ; HEX2[5]     ; 6.015 ;       ;       ; 6.015 ;
; SW[0]      ; HEX2[6]     ; 6.004 ; 6.004 ; 6.004 ; 6.004 ;
; SW[1]      ; HEX2[0]     ; 6.499 ; 6.499 ; 6.499 ; 6.499 ;
; SW[1]      ; HEX2[1]     ; 6.457 ; 6.457 ; 6.457 ; 6.457 ;
; SW[1]      ; HEX2[2]     ; 6.392 ;       ;       ; 6.392 ;
; SW[1]      ; HEX2[3]     ; 6.455 ; 6.455 ; 6.455 ; 6.455 ;
; SW[1]      ; HEX2[4]     ;       ; 6.211 ; 6.211 ;       ;
; SW[1]      ; HEX2[5]     ; 6.200 ; 6.200 ; 6.200 ; 6.200 ;
; SW[1]      ; HEX2[6]     ; 6.188 ; 6.188 ; 6.188 ; 6.188 ;
; SW[2]      ; HEX2[0]     ; 6.176 ; 6.176 ; 6.176 ; 6.176 ;
; SW[2]      ; HEX2[1]     ; 6.122 ;       ;       ; 6.122 ;
; SW[2]      ; HEX2[2]     ; 6.056 ; 6.056 ; 6.056 ; 6.056 ;
; SW[2]      ; HEX2[3]     ; 6.137 ; 6.137 ; 6.137 ; 6.137 ;
; SW[2]      ; HEX2[4]     ; 5.875 ; 5.875 ; 5.875 ; 5.875 ;
; SW[2]      ; HEX2[5]     ; 5.884 ; 5.884 ; 5.884 ; 5.884 ;
; SW[2]      ; HEX2[6]     ; 5.872 ; 5.872 ; 5.872 ; 5.872 ;
; SW[3]      ; HEX2[0]     ; 6.914 ; 6.914 ; 6.914 ; 6.914 ;
; SW[3]      ; HEX2[1]     ; 6.864 ; 6.864 ; 6.864 ; 6.864 ;
; SW[3]      ; HEX2[2]     ; 6.772 ; 6.772 ; 6.772 ; 6.772 ;
; SW[3]      ; HEX2[3]     ; 6.876 ; 6.876 ; 6.876 ; 6.876 ;
; SW[3]      ; HEX2[4]     ;       ; 6.613 ; 6.613 ;       ;
; SW[3]      ; HEX2[5]     ; 6.590 ; 6.590 ; 6.590 ; 6.590 ;
; SW[3]      ; HEX2[6]     ; 6.609 ; 6.609 ; 6.609 ; 6.609 ;
; SW[4]      ; HEX3[0]     ; 6.533 ; 6.533 ; 6.533 ; 6.533 ;
; SW[4]      ; HEX3[1]     ; 6.309 ; 6.309 ; 6.309 ; 6.309 ;
; SW[4]      ; HEX3[2]     ;       ; 6.307 ; 6.307 ;       ;
; SW[4]      ; HEX3[3]     ; 6.270 ; 6.270 ; 6.270 ; 6.270 ;
; SW[4]      ; HEX3[4]     ; 6.309 ;       ;       ; 6.309 ;
; SW[4]      ; HEX3[5]     ; 6.523 ;       ;       ; 6.523 ;
; SW[4]      ; HEX3[6]     ; 6.573 ; 6.573 ; 6.573 ; 6.573 ;
; SW[5]      ; HEX3[0]     ; 6.901 ; 6.901 ; 6.901 ; 6.901 ;
; SW[5]      ; HEX3[1]     ; 6.713 ; 6.713 ; 6.713 ; 6.713 ;
; SW[5]      ; HEX3[2]     ; 6.711 ;       ;       ; 6.711 ;
; SW[5]      ; HEX3[3]     ; 6.670 ; 6.670 ; 6.670 ; 6.670 ;
; SW[5]      ; HEX3[4]     ;       ; 6.683 ; 6.683 ;       ;
; SW[5]      ; HEX3[5]     ; 6.919 ; 6.919 ; 6.919 ; 6.919 ;
; SW[5]      ; HEX3[6]     ; 6.973 ; 6.973 ; 6.973 ; 6.973 ;
; SW[6]      ; HEX3[0]     ; 6.711 ; 6.711 ; 6.711 ; 6.711 ;
; SW[6]      ; HEX3[1]     ; 6.499 ;       ;       ; 6.499 ;
; SW[6]      ; HEX3[2]     ; 6.497 ; 6.497 ; 6.497 ; 6.497 ;
; SW[6]      ; HEX3[3]     ; 6.455 ; 6.455 ; 6.455 ; 6.455 ;
; SW[6]      ; HEX3[4]     ; 6.499 ; 6.499 ; 6.499 ; 6.499 ;
; SW[6]      ; HEX3[5]     ; 6.702 ; 6.702 ; 6.702 ; 6.702 ;
; SW[6]      ; HEX3[6]     ; 6.752 ; 6.752 ; 6.752 ; 6.752 ;
; SW[7]      ; HEX3[0]     ; 7.426 ; 7.426 ; 7.426 ; 7.426 ;
; SW[7]      ; HEX3[1]     ; 7.239 ; 7.239 ; 7.239 ; 7.239 ;
; SW[7]      ; HEX3[2]     ; 7.238 ; 7.238 ; 7.238 ; 7.238 ;
; SW[7]      ; HEX3[3]     ; 7.192 ; 7.192 ; 7.192 ; 7.192 ;
; SW[7]      ; HEX3[4]     ;       ; 7.210 ; 7.210 ;       ;
; SW[7]      ; HEX3[5]     ; 7.411 ; 7.411 ; 7.411 ; 7.411 ;
; SW[7]      ; HEX3[6]     ; 7.484 ; 7.484 ; 7.484 ; 7.484 ;
; SW[8]      ; HEX4[0]     ; 7.219 ; 7.219 ; 7.219 ; 7.219 ;
; SW[8]      ; HEX4[1]     ; 7.221 ; 7.221 ; 7.221 ; 7.221 ;
; SW[8]      ; HEX4[2]     ;       ; 7.107 ; 7.107 ;       ;
; SW[8]      ; HEX4[3]     ; 6.924 ; 6.924 ; 6.924 ; 6.924 ;
; SW[8]      ; HEX4[4]     ; 6.931 ;       ;       ; 6.931 ;
; SW[8]      ; HEX4[5]     ; 6.931 ;       ;       ; 6.931 ;
; SW[8]      ; HEX4[6]     ; 7.100 ; 7.100 ; 7.100 ; 7.100 ;
; SW[9]      ; HEX4[0]     ; 7.139 ; 7.139 ; 7.139 ; 7.139 ;
; SW[9]      ; HEX4[1]     ; 7.141 ; 7.141 ; 7.141 ; 7.141 ;
; SW[9]      ; HEX4[2]     ; 7.028 ;       ;       ; 7.028 ;
; SW[9]      ; HEX4[3]     ; 6.844 ; 6.844 ; 6.844 ; 6.844 ;
; SW[9]      ; HEX4[4]     ;       ; 6.851 ; 6.851 ;       ;
; SW[9]      ; HEX4[5]     ; 6.850 ; 6.850 ; 6.850 ; 6.850 ;
; SW[9]      ; HEX4[6]     ; 7.018 ; 7.018 ; 7.018 ; 7.018 ;
; SW[10]     ; HEX4[0]     ; 5.860 ; 5.860 ; 5.860 ; 5.860 ;
; SW[10]     ; HEX4[1]     ; 5.862 ;       ;       ; 5.862 ;
; SW[10]     ; HEX4[2]     ; 5.746 ; 5.746 ; 5.746 ; 5.746 ;
; SW[10]     ; HEX4[3]     ; 5.565 ; 5.565 ; 5.565 ; 5.565 ;
; SW[10]     ; HEX4[4]     ; 5.572 ; 5.572 ; 5.572 ; 5.572 ;
; SW[10]     ; HEX4[5]     ; 5.577 ; 5.577 ; 5.577 ; 5.577 ;
; SW[10]     ; HEX4[6]     ; 5.746 ; 5.746 ; 5.746 ; 5.746 ;
; SW[11]     ; HEX4[0]     ; 5.807 ; 5.807 ; 5.807 ; 5.807 ;
; SW[11]     ; HEX4[1]     ; 5.808 ; 5.808 ; 5.808 ; 5.808 ;
; SW[11]     ; HEX4[2]     ; 5.693 ; 5.693 ; 5.693 ; 5.693 ;
; SW[11]     ; HEX4[3]     ; 5.496 ; 5.496 ; 5.496 ; 5.496 ;
; SW[11]     ; HEX4[4]     ;       ; 5.527 ; 5.527 ;       ;
; SW[11]     ; HEX4[5]     ; 5.537 ; 5.537 ; 5.537 ; 5.537 ;
; SW[11]     ; HEX4[6]     ; 5.705 ; 5.705 ; 5.705 ; 5.705 ;
; SW[12]     ; HEX5[0]     ; 5.256 ; 5.256 ; 5.256 ; 5.256 ;
; SW[12]     ; HEX5[1]     ; 5.228 ; 5.228 ; 5.228 ; 5.228 ;
; SW[12]     ; HEX5[2]     ;       ; 5.236 ; 5.236 ;       ;
; SW[12]     ; HEX5[3]     ; 5.552 ; 5.552 ; 5.552 ; 5.552 ;
; SW[12]     ; HEX5[4]     ; 5.539 ;       ;       ; 5.539 ;
; SW[12]     ; HEX5[5]     ; 5.531 ;       ;       ; 5.531 ;
; SW[12]     ; HEX5[6]     ; 5.561 ; 5.561 ; 5.561 ; 5.561 ;
; SW[13]     ; HEX5[0]     ; 9.492 ; 9.492 ; 9.492 ; 9.492 ;
; SW[13]     ; HEX5[1]     ; 9.498 ; 9.498 ; 9.498 ; 9.498 ;
; SW[13]     ; HEX5[2]     ; 9.488 ;       ;       ; 9.488 ;
; SW[13]     ; HEX5[3]     ; 9.817 ; 9.817 ; 9.817 ; 9.817 ;
; SW[13]     ; HEX5[4]     ;       ; 9.771 ; 9.771 ;       ;
; SW[13]     ; HEX5[5]     ; 9.787 ; 9.787 ; 9.787 ; 9.787 ;
; SW[13]     ; HEX5[6]     ; 9.816 ; 9.816 ; 9.816 ; 9.816 ;
; SW[14]     ; HEX5[0]     ; 9.597 ; 9.597 ; 9.597 ; 9.597 ;
; SW[14]     ; HEX5[1]     ; 9.570 ;       ;       ; 9.570 ;
; SW[14]     ; HEX5[2]     ; 9.561 ; 9.561 ; 9.561 ; 9.561 ;
; SW[14]     ; HEX5[3]     ; 9.892 ; 9.892 ; 9.892 ; 9.892 ;
; SW[14]     ; HEX5[4]     ; 9.868 ; 9.868 ; 9.868 ; 9.868 ;
; SW[14]     ; HEX5[5]     ; 9.859 ; 9.859 ; 9.859 ; 9.859 ;
; SW[14]     ; HEX5[6]     ; 9.888 ; 9.888 ; 9.888 ; 9.888 ;
; SW[15]     ; HEX5[0]     ; 9.468 ; 9.468 ; 9.468 ; 9.468 ;
; SW[15]     ; HEX5[1]     ; 9.471 ; 9.471 ; 9.471 ; 9.471 ;
; SW[15]     ; HEX5[2]     ; 9.466 ; 9.466 ; 9.466 ; 9.466 ;
; SW[15]     ; HEX5[3]     ; 9.794 ; 9.794 ; 9.794 ; 9.794 ;
; SW[15]     ; HEX5[4]     ;       ; 9.735 ; 9.735 ;       ;
; SW[15]     ; HEX5[5]     ; 9.728 ; 9.728 ; 9.728 ; 9.728 ;
; SW[15]     ; HEX5[6]     ; 9.790 ; 9.790 ; 9.790 ; 9.790 ;
+------------+-------------+-------+-------+-------+-------+


----------------------------
; Fast Model Setup Summary ;
----------------------------
No paths to report.


---------------------------
; Fast Model Hold Summary ;
---------------------------
No paths to report.


-------------------------------
; Fast Model Recovery Summary ;
-------------------------------
No paths to report.


------------------------------
; Fast Model Removal Summary ;
------------------------------
No paths to report.


------------------------------------------
; Fast Model Minimum Pulse Width Summary ;
------------------------------------------
No paths to report.


+----------------------------------------------------------+
; Propagation Delay                                        ;
+------------+-------------+-------+-------+-------+-------+
; Input Port ; Output Port ; RR    ; RF    ; FR    ; FF    ;
+------------+-------------+-------+-------+-------+-------+
; SW[0]      ; HEX2[0]     ; 3.362 ; 3.362 ; 3.362 ; 3.362 ;
; SW[0]      ; HEX2[1]     ; 3.323 ; 3.323 ; 3.323 ; 3.323 ;
; SW[0]      ; HEX2[2]     ;       ; 3.313 ; 3.313 ;       ;
; SW[0]      ; HEX2[3]     ; 3.343 ; 3.343 ; 3.343 ; 3.343 ;
; SW[0]      ; HEX2[4]     ; 3.228 ;       ;       ; 3.228 ;
; SW[0]      ; HEX2[5]     ; 3.226 ;       ;       ; 3.226 ;
; SW[0]      ; HEX2[6]     ; 3.212 ; 3.212 ; 3.212 ; 3.212 ;
; SW[1]      ; HEX2[0]     ; 3.444 ; 3.444 ; 3.444 ; 3.444 ;
; SW[1]      ; HEX2[1]     ; 3.407 ; 3.407 ; 3.407 ; 3.407 ;
; SW[1]      ; HEX2[2]     ; 3.398 ;       ;       ; 3.398 ;
; SW[1]      ; HEX2[3]     ; 3.426 ; 3.426 ; 3.426 ; 3.426 ;
; SW[1]      ; HEX2[4]     ;       ; 3.313 ; 3.313 ;       ;
; SW[1]      ; HEX2[5]     ; 3.304 ; 3.304 ; 3.304 ; 3.304 ;
; SW[1]      ; HEX2[6]     ; 3.293 ; 3.293 ; 3.293 ; 3.293 ;
; SW[2]      ; HEX2[0]     ; 3.308 ; 3.308 ; 3.308 ; 3.308 ;
; SW[2]      ; HEX2[1]     ; 3.260 ;       ;       ; 3.260 ;
; SW[2]      ; HEX2[2]     ; 3.250 ; 3.250 ; 3.250 ; 3.250 ;
; SW[2]      ; HEX2[3]     ; 3.293 ; 3.293 ; 3.293 ; 3.293 ;
; SW[2]      ; HEX2[4]     ; 3.166 ; 3.166 ; 3.166 ; 3.166 ;
; SW[2]      ; HEX2[5]     ; 3.174 ; 3.174 ; 3.174 ; 3.174 ;
; SW[2]      ; HEX2[6]     ; 3.163 ; 3.163 ; 3.163 ; 3.163 ;
; SW[3]      ; HEX2[0]     ; 3.660 ; 3.660 ; 3.660 ; 3.660 ;
; SW[3]      ; HEX2[1]     ; 3.616 ; 3.616 ; 3.616 ; 3.616 ;
; SW[3]      ; HEX2[2]     ; 3.612 ; 3.612 ; 3.612 ; 3.612 ;
; SW[3]      ; HEX2[3]     ; 3.645 ; 3.645 ; 3.645 ; 3.645 ;
; SW[3]      ; HEX2[4]     ;       ; 3.522 ; 3.522 ;       ;
; SW[3]      ; HEX2[5]     ; 3.529 ; 3.529 ; 3.529 ; 3.529 ;
; SW[3]      ; HEX2[6]     ; 3.515 ; 3.515 ; 3.515 ; 3.515 ;
; SW[4]      ; HEX3[0]     ; 3.494 ; 3.494 ; 3.494 ; 3.494 ;
; SW[4]      ; HEX3[1]     ; 3.408 ; 3.408 ; 3.408 ; 3.408 ;
; SW[4]      ; HEX3[2]     ;       ; 3.407 ; 3.407 ;       ;
; SW[4]      ; HEX3[3]     ; 3.388 ; 3.388 ; 3.388 ; 3.388 ;
; SW[4]      ; HEX3[4]     ; 3.407 ;       ;       ; 3.407 ;
; SW[4]      ; HEX3[5]     ; 3.485 ;       ;       ; 3.485 ;
; SW[4]      ; HEX3[6]     ; 3.520 ; 3.520 ; 3.520 ; 3.520 ;
; SW[5]      ; HEX3[0]     ; 3.662 ; 3.662 ; 3.662 ; 3.662 ;
; SW[5]      ; HEX3[1]     ; 3.580 ; 3.580 ; 3.580 ; 3.580 ;
; SW[5]      ; HEX3[2]     ; 3.585 ;       ;       ; 3.585 ;
; SW[5]      ; HEX3[3]     ; 3.557 ; 3.557 ; 3.557 ; 3.557 ;
; SW[5]      ; HEX3[4]     ;       ; 3.580 ; 3.580 ;       ;
; SW[5]      ; HEX3[5]     ; 3.652 ; 3.652 ; 3.652 ; 3.652 ;
; SW[5]      ; HEX3[6]     ; 3.687 ; 3.687 ; 3.687 ; 3.687 ;
; SW[6]      ; HEX3[0]     ; 3.540 ; 3.540 ; 3.540 ; 3.540 ;
; SW[6]      ; HEX3[1]     ; 3.462 ;       ;       ; 3.462 ;
; SW[6]      ; HEX3[2]     ; 3.464 ; 3.464 ; 3.464 ; 3.464 ;
; SW[6]      ; HEX3[3]     ; 3.434 ; 3.434 ; 3.434 ; 3.434 ;
; SW[6]      ; HEX3[4]     ; 3.461 ; 3.461 ; 3.461 ; 3.461 ;
; SW[6]      ; HEX3[5]     ; 3.528 ; 3.528 ; 3.528 ; 3.528 ;
; SW[6]      ; HEX3[6]     ; 3.563 ; 3.563 ; 3.563 ; 3.563 ;
; SW[7]      ; HEX3[0]     ; 3.981 ; 3.981 ; 3.981 ; 3.981 ;
; SW[7]      ; HEX3[1]     ; 3.905 ; 3.905 ; 3.905 ; 3.905 ;
; SW[7]      ; HEX3[2]     ; 3.912 ; 3.912 ; 3.912 ; 3.912 ;
; SW[7]      ; HEX3[3]     ; 3.878 ; 3.878 ; 3.878 ; 3.878 ;
; SW[7]      ; HEX3[4]     ;       ; 3.905 ; 3.905 ;       ;
; SW[7]      ; HEX3[5]     ; 3.964 ; 3.964 ; 3.964 ; 3.964 ;
; SW[7]      ; HEX3[6]     ; 3.999 ; 3.999 ; 3.999 ; 3.999 ;
; SW[8]      ; HEX4[0]     ; 3.845 ; 3.845 ; 3.845 ; 3.845 ;
; SW[8]      ; HEX4[1]     ; 3.849 ; 3.849 ; 3.849 ; 3.849 ;
; SW[8]      ; HEX4[2]     ;       ; 3.799 ; 3.799 ;       ;
; SW[8]      ; HEX4[3]     ; 3.702 ; 3.702 ; 3.702 ; 3.702 ;
; SW[8]      ; HEX4[4]     ; 3.721 ;       ;       ; 3.721 ;
; SW[8]      ; HEX4[5]     ; 3.715 ;       ;       ; 3.715 ;
; SW[8]      ; HEX4[6]     ; 3.790 ; 3.790 ; 3.790 ; 3.790 ;
; SW[9]      ; HEX4[0]     ; 3.847 ; 3.847 ; 3.847 ; 3.847 ;
; SW[9]      ; HEX4[1]     ; 3.854 ; 3.854 ; 3.854 ; 3.854 ;
; SW[9]      ; HEX4[2]     ; 3.804 ;       ;       ; 3.804 ;
; SW[9]      ; HEX4[3]     ; 3.708 ; 3.708 ; 3.708 ; 3.708 ;
; SW[9]      ; HEX4[4]     ;       ; 3.723 ; 3.723 ;       ;
; SW[9]      ; HEX4[5]     ; 3.719 ; 3.719 ; 3.719 ; 3.719 ;
; SW[9]      ; HEX4[6]     ; 3.795 ; 3.795 ; 3.795 ; 3.795 ;
; SW[10]     ; HEX4[0]     ; 3.114 ; 3.114 ; 3.114 ; 3.114 ;
; SW[10]     ; HEX4[1]     ; 3.121 ;       ;       ; 3.121 ;
; SW[10]     ; HEX4[2]     ; 3.071 ; 3.071 ; 3.071 ; 3.071 ;
; SW[10]     ; HEX4[3]     ; 2.976 ; 2.976 ; 2.976 ; 2.976 ;
; SW[10]     ; HEX4[4]     ; 2.992 ; 2.992 ; 2.992 ; 2.992 ;
; SW[10]     ; HEX4[5]     ; 2.993 ; 2.993 ; 2.993 ; 2.993 ;
; SW[10]     ; HEX4[6]     ; 3.068 ; 3.068 ; 3.068 ; 3.068 ;
; SW[11]     ; HEX4[0]     ; 3.095 ; 3.095 ; 3.095 ; 3.095 ;
; SW[11]     ; HEX4[1]     ; 3.098 ; 3.098 ; 3.098 ; 3.098 ;
; SW[11]     ; HEX4[2]     ; 3.044 ; 3.044 ; 3.044 ; 3.044 ;
; SW[11]     ; HEX4[3]     ; 2.962 ; 2.962 ; 2.962 ; 2.962 ;
; SW[11]     ; HEX4[4]     ;       ; 2.976 ; 2.976 ;       ;
; SW[11]     ; HEX4[5]     ; 2.978 ; 2.978 ; 2.978 ; 2.978 ;
; SW[11]     ; HEX4[6]     ; 3.054 ; 3.054 ; 3.054 ; 3.054 ;
; SW[12]     ; HEX5[0]     ; 2.856 ; 2.856 ; 2.856 ; 2.856 ;
; SW[12]     ; HEX5[1]     ; 2.826 ; 2.826 ; 2.826 ; 2.826 ;
; SW[12]     ; HEX5[2]     ;       ; 2.835 ; 2.835 ;       ;
; SW[12]     ; HEX5[3]     ; 2.986 ; 2.986 ; 2.986 ; 2.986 ;
; SW[12]     ; HEX5[4]     ; 2.973 ;       ;       ; 2.973 ;
; SW[12]     ; HEX5[5]     ; 2.972 ;       ;       ; 2.972 ;
; SW[12]     ; HEX5[6]     ; 2.994 ; 2.994 ; 2.994 ; 2.994 ;
; SW[13]     ; HEX5[0]     ; 5.421 ; 5.421 ; 5.421 ; 5.421 ;
; SW[13]     ; HEX5[1]     ; 5.393 ; 5.393 ; 5.393 ; 5.393 ;
; SW[13]     ; HEX5[2]     ; 5.389 ;       ;       ; 5.389 ;
; SW[13]     ; HEX5[3]     ; 5.550 ; 5.550 ; 5.550 ; 5.550 ;
; SW[13]     ; HEX5[4]     ;       ; 5.528 ; 5.528 ;       ;
; SW[13]     ; HEX5[5]     ; 5.524 ; 5.524 ; 5.524 ; 5.524 ;
; SW[13]     ; HEX5[6]     ; 5.547 ; 5.547 ; 5.547 ; 5.547 ;
; SW[14]     ; HEX5[0]     ; 5.462 ; 5.462 ; 5.462 ; 5.462 ;
; SW[14]     ; HEX5[1]     ; 5.434 ;       ;       ; 5.434 ;
; SW[14]     ; HEX5[2]     ; 5.427 ; 5.427 ; 5.427 ; 5.427 ;
; SW[14]     ; HEX5[3]     ; 5.591 ; 5.591 ; 5.591 ; 5.591 ;
; SW[14]     ; HEX5[4]     ; 5.567 ; 5.567 ; 5.567 ; 5.567 ;
; SW[14]     ; HEX5[5]     ; 5.564 ; 5.564 ; 5.564 ; 5.564 ;
; SW[14]     ; HEX5[6]     ; 5.586 ; 5.586 ; 5.586 ; 5.586 ;
; SW[15]     ; HEX5[0]     ; 5.417 ; 5.417 ; 5.417 ; 5.417 ;
; SW[15]     ; HEX5[1]     ; 5.388 ; 5.388 ; 5.388 ; 5.388 ;
; SW[15]     ; HEX5[2]     ; 5.388 ; 5.388 ; 5.388 ; 5.388 ;
; SW[15]     ; HEX5[3]     ; 5.546 ; 5.546 ; 5.546 ; 5.546 ;
; SW[15]     ; HEX5[4]     ;       ; 5.524 ; 5.524 ;       ;
; SW[15]     ; HEX5[5]     ; 5.520 ; 5.520 ; 5.520 ; 5.520 ;
; SW[15]     ; HEX5[6]     ; 5.543 ; 5.543 ; 5.543 ; 5.543 ;
+------------+-------------+-------+-------+-------+-------+


+----------------------------------------------------------+
; Minimum Propagation Delay                                ;
+------------+-------------+-------+-------+-------+-------+
; Input Port ; Output Port ; RR    ; RF    ; FR    ; FF    ;
+------------+-------------+-------+-------+-------+-------+
; SW[0]      ; HEX2[0]     ; 3.362 ; 3.362 ; 3.362 ; 3.362 ;
; SW[0]      ; HEX2[1]     ; 3.323 ; 3.323 ; 3.323 ; 3.323 ;
; SW[0]      ; HEX2[2]     ;       ; 3.313 ; 3.313 ;       ;
; SW[0]      ; HEX2[3]     ; 3.343 ; 3.343 ; 3.343 ; 3.343 ;
; SW[0]      ; HEX2[4]     ; 3.228 ;       ;       ; 3.228 ;
; SW[0]      ; HEX2[5]     ; 3.226 ;       ;       ; 3.226 ;
; SW[0]      ; HEX2[6]     ; 3.212 ; 3.212 ; 3.212 ; 3.212 ;
; SW[1]      ; HEX2[0]     ; 3.444 ; 3.444 ; 3.444 ; 3.444 ;
; SW[1]      ; HEX2[1]     ; 3.407 ; 3.407 ; 3.407 ; 3.407 ;
; SW[1]      ; HEX2[2]     ; 3.398 ;       ;       ; 3.398 ;
; SW[1]      ; HEX2[3]     ; 3.426 ; 3.426 ; 3.426 ; 3.426 ;
; SW[1]      ; HEX2[4]     ;       ; 3.313 ; 3.313 ;       ;
; SW[1]      ; HEX2[5]     ; 3.304 ; 3.304 ; 3.304 ; 3.304 ;
; SW[1]      ; HEX2[6]     ; 3.293 ; 3.293 ; 3.293 ; 3.293 ;
; SW[2]      ; HEX2[0]     ; 3.308 ; 3.308 ; 3.308 ; 3.308 ;
; SW[2]      ; HEX2[1]     ; 3.260 ;       ;       ; 3.260 ;
; SW[2]      ; HEX2[2]     ; 3.250 ; 3.250 ; 3.250 ; 3.250 ;
; SW[2]      ; HEX2[3]     ; 3.293 ; 3.293 ; 3.293 ; 3.293 ;
; SW[2]      ; HEX2[4]     ; 3.166 ; 3.166 ; 3.166 ; 3.166 ;
; SW[2]      ; HEX2[5]     ; 3.174 ; 3.174 ; 3.174 ; 3.174 ;
; SW[2]      ; HEX2[6]     ; 3.163 ; 3.163 ; 3.163 ; 3.163 ;
; SW[3]      ; HEX2[0]     ; 3.660 ; 3.660 ; 3.660 ; 3.660 ;
; SW[3]      ; HEX2[1]     ; 3.616 ; 3.616 ; 3.616 ; 3.616 ;
; SW[3]      ; HEX2[2]     ; 3.612 ; 3.612 ; 3.612 ; 3.612 ;
; SW[3]      ; HEX2[3]     ; 3.645 ; 3.645 ; 3.645 ; 3.645 ;
; SW[3]      ; HEX2[4]     ;       ; 3.522 ; 3.522 ;       ;
; SW[3]      ; HEX2[5]     ; 3.529 ; 3.529 ; 3.529 ; 3.529 ;
; SW[3]      ; HEX2[6]     ; 3.515 ; 3.515 ; 3.515 ; 3.515 ;
; SW[4]      ; HEX3[0]     ; 3.494 ; 3.494 ; 3.494 ; 3.494 ;
; SW[4]      ; HEX3[1]     ; 3.408 ; 3.408 ; 3.408 ; 3.408 ;
; SW[4]      ; HEX3[2]     ;       ; 3.407 ; 3.407 ;       ;
; SW[4]      ; HEX3[3]     ; 3.388 ; 3.388 ; 3.388 ; 3.388 ;
; SW[4]      ; HEX3[4]     ; 3.407 ;       ;       ; 3.407 ;
; SW[4]      ; HEX3[5]     ; 3.485 ;       ;       ; 3.485 ;
; SW[4]      ; HEX3[6]     ; 3.520 ; 3.520 ; 3.520 ; 3.520 ;
; SW[5]      ; HEX3[0]     ; 3.662 ; 3.662 ; 3.662 ; 3.662 ;
; SW[5]      ; HEX3[1]     ; 3.580 ; 3.580 ; 3.580 ; 3.580 ;
; SW[5]      ; HEX3[2]     ; 3.585 ;       ;       ; 3.585 ;
; SW[5]      ; HEX3[3]     ; 3.557 ; 3.557 ; 3.557 ; 3.557 ;
; SW[5]      ; HEX3[4]     ;       ; 3.580 ; 3.580 ;       ;
; SW[5]      ; HEX3[5]     ; 3.652 ; 3.652 ; 3.652 ; 3.652 ;
; SW[5]      ; HEX3[6]     ; 3.687 ; 3.687 ; 3.687 ; 3.687 ;
; SW[6]      ; HEX3[0]     ; 3.540 ; 3.540 ; 3.540 ; 3.540 ;
; SW[6]      ; HEX3[1]     ; 3.462 ;       ;       ; 3.462 ;
; SW[6]      ; HEX3[2]     ; 3.464 ; 3.464 ; 3.464 ; 3.464 ;
; SW[6]      ; HEX3[3]     ; 3.434 ; 3.434 ; 3.434 ; 3.434 ;
; SW[6]      ; HEX3[4]     ; 3.461 ; 3.461 ; 3.461 ; 3.461 ;
; SW[6]      ; HEX3[5]     ; 3.528 ; 3.528 ; 3.528 ; 3.528 ;
; SW[6]      ; HEX3[6]     ; 3.563 ; 3.563 ; 3.563 ; 3.563 ;
; SW[7]      ; HEX3[0]     ; 3.981 ; 3.981 ; 3.981 ; 3.981 ;
; SW[7]      ; HEX3[1]     ; 3.905 ; 3.905 ; 3.905 ; 3.905 ;
; SW[7]      ; HEX3[2]     ; 3.912 ; 3.912 ; 3.912 ; 3.912 ;
; SW[7]      ; HEX3[3]     ; 3.878 ; 3.878 ; 3.878 ; 3.878 ;
; SW[7]      ; HEX3[4]     ;       ; 3.905 ; 3.905 ;       ;
; SW[7]      ; HEX3[5]     ; 3.964 ; 3.964 ; 3.964 ; 3.964 ;
; SW[7]      ; HEX3[6]     ; 3.999 ; 3.999 ; 3.999 ; 3.999 ;
; SW[8]      ; HEX4[0]     ; 3.845 ; 3.845 ; 3.845 ; 3.845 ;
; SW[8]      ; HEX4[1]     ; 3.849 ; 3.849 ; 3.849 ; 3.849 ;
; SW[8]      ; HEX4[2]     ;       ; 3.799 ; 3.799 ;       ;
; SW[8]      ; HEX4[3]     ; 3.702 ; 3.702 ; 3.702 ; 3.702 ;
; SW[8]      ; HEX4[4]     ; 3.721 ;       ;       ; 3.721 ;
; SW[8]      ; HEX4[5]     ; 3.715 ;       ;       ; 3.715 ;
; SW[8]      ; HEX4[6]     ; 3.790 ; 3.790 ; 3.790 ; 3.790 ;
; SW[9]      ; HEX4[0]     ; 3.847 ; 3.847 ; 3.847 ; 3.847 ;
; SW[9]      ; HEX4[1]     ; 3.854 ; 3.854 ; 3.854 ; 3.854 ;
; SW[9]      ; HEX4[2]     ; 3.804 ;       ;       ; 3.804 ;
; SW[9]      ; HEX4[3]     ; 3.708 ; 3.708 ; 3.708 ; 3.708 ;
; SW[9]      ; HEX4[4]     ;       ; 3.723 ; 3.723 ;       ;
; SW[9]      ; HEX4[5]     ; 3.719 ; 3.719 ; 3.719 ; 3.719 ;
; SW[9]      ; HEX4[6]     ; 3.795 ; 3.795 ; 3.795 ; 3.795 ;
; SW[10]     ; HEX4[0]     ; 3.114 ; 3.114 ; 3.114 ; 3.114 ;
; SW[10]     ; HEX4[1]     ; 3.121 ;       ;       ; 3.121 ;
; SW[10]     ; HEX4[2]     ; 3.071 ; 3.071 ; 3.071 ; 3.071 ;
; SW[10]     ; HEX4[3]     ; 2.976 ; 2.976 ; 2.976 ; 2.976 ;
; SW[10]     ; HEX4[4]     ; 2.992 ; 2.992 ; 2.992 ; 2.992 ;
; SW[10]     ; HEX4[5]     ; 2.993 ; 2.993 ; 2.993 ; 2.993 ;
; SW[10]     ; HEX4[6]     ; 3.068 ; 3.068 ; 3.068 ; 3.068 ;
; SW[11]     ; HEX4[0]     ; 3.095 ; 3.095 ; 3.095 ; 3.095 ;
; SW[11]     ; HEX4[1]     ; 3.098 ; 3.098 ; 3.098 ; 3.098 ;
; SW[11]     ; HEX4[2]     ; 3.044 ; 3.044 ; 3.044 ; 3.044 ;
; SW[11]     ; HEX4[3]     ; 2.962 ; 2.962 ; 2.962 ; 2.962 ;
; SW[11]     ; HEX4[4]     ;       ; 2.976 ; 2.976 ;       ;
; SW[11]     ; HEX4[5]     ; 2.978 ; 2.978 ; 2.978 ; 2.978 ;
; SW[11]     ; HEX4[6]     ; 3.054 ; 3.054 ; 3.054 ; 3.054 ;
; SW[12]     ; HEX5[0]     ; 2.856 ; 2.856 ; 2.856 ; 2.856 ;
; SW[12]     ; HEX5[1]     ; 2.826 ; 2.826 ; 2.826 ; 2.826 ;
; SW[12]     ; HEX5[2]     ;       ; 2.835 ; 2.835 ;       ;
; SW[12]     ; HEX5[3]     ; 2.986 ; 2.986 ; 2.986 ; 2.986 ;
; SW[12]     ; HEX5[4]     ; 2.973 ;       ;       ; 2.973 ;
; SW[12]     ; HEX5[5]     ; 2.972 ;       ;       ; 2.972 ;
; SW[12]     ; HEX5[6]     ; 2.994 ; 2.994 ; 2.994 ; 2.994 ;
; SW[13]     ; HEX5[0]     ; 5.421 ; 5.421 ; 5.421 ; 5.421 ;
; SW[13]     ; HEX5[1]     ; 5.393 ; 5.393 ; 5.393 ; 5.393 ;
; SW[13]     ; HEX5[2]     ; 5.389 ;       ;       ; 5.389 ;
; SW[13]     ; HEX5[3]     ; 5.550 ; 5.550 ; 5.550 ; 5.550 ;
; SW[13]     ; HEX5[4]     ;       ; 5.528 ; 5.528 ;       ;
; SW[13]     ; HEX5[5]     ; 5.524 ; 5.524 ; 5.524 ; 5.524 ;
; SW[13]     ; HEX5[6]     ; 5.547 ; 5.547 ; 5.547 ; 5.547 ;
; SW[14]     ; HEX5[0]     ; 5.462 ; 5.462 ; 5.462 ; 5.462 ;
; SW[14]     ; HEX5[1]     ; 5.434 ;       ;       ; 5.434 ;
; SW[14]     ; HEX5[2]     ; 5.427 ; 5.427 ; 5.427 ; 5.427 ;
; SW[14]     ; HEX5[3]     ; 5.591 ; 5.591 ; 5.591 ; 5.591 ;
; SW[14]     ; HEX5[4]     ; 5.567 ; 5.567 ; 5.567 ; 5.567 ;
; SW[14]     ; HEX5[5]     ; 5.564 ; 5.564 ; 5.564 ; 5.564 ;
; SW[14]     ; HEX5[6]     ; 5.586 ; 5.586 ; 5.586 ; 5.586 ;
; SW[15]     ; HEX5[0]     ; 5.417 ; 5.417 ; 5.417 ; 5.417 ;
; SW[15]     ; HEX5[1]     ; 5.388 ; 5.388 ; 5.388 ; 5.388 ;
; SW[15]     ; HEX5[2]     ; 5.388 ; 5.388 ; 5.388 ; 5.388 ;
; SW[15]     ; HEX5[3]     ; 5.546 ; 5.546 ; 5.546 ; 5.546 ;
; SW[15]     ; HEX5[4]     ;       ; 5.524 ; 5.524 ;       ;
; SW[15]     ; HEX5[5]     ; 5.520 ; 5.520 ; 5.520 ; 5.520 ;
; SW[15]     ; HEX5[6]     ; 5.543 ; 5.543 ; 5.543 ; 5.543 ;
+------------+-------------+-------+-------+-------+-------+


+----------------------------------------------------------------------------+
; Multicorner Timing Analysis Summary                                        ;
+------------------+-------+------+----------+---------+---------------------+
; Clock            ; Setup ; Hold ; Recovery ; Removal ; Minimum Pulse Width ;
+------------------+-------+------+----------+---------+---------------------+
; Worst-case Slack ; N/A   ; N/A  ; N/A      ; N/A     ; N/A                 ;
; Design-wide TNS  ; 0.0   ; 0.0  ; 0.0      ; 0.0     ; 0.0                 ;
+------------------+-------+------+----------+---------+---------------------+


+----------------------------------------------------------+
; Progagation Delay                                        ;
+------------+-------------+-------+-------+-------+-------+
; Input Port ; Output Port ; RR    ; RF    ; FR    ; FF    ;
+------------+-------------+-------+-------+-------+-------+
; SW[0]      ; HEX2[0]     ; 6.311 ; 6.311 ; 6.311 ; 6.311 ;
; SW[0]      ; HEX2[1]     ; 6.269 ; 6.269 ; 6.269 ; 6.269 ;
; SW[0]      ; HEX2[2]     ;       ; 6.202 ; 6.202 ;       ;
; SW[0]      ; HEX2[3]     ; 6.269 ; 6.269 ; 6.269 ; 6.269 ;
; SW[0]      ; HEX2[4]     ; 6.021 ;       ;       ; 6.021 ;
; SW[0]      ; HEX2[5]     ; 6.015 ;       ;       ; 6.015 ;
; SW[0]      ; HEX2[6]     ; 6.004 ; 6.004 ; 6.004 ; 6.004 ;
; SW[1]      ; HEX2[0]     ; 6.499 ; 6.499 ; 6.499 ; 6.499 ;
; SW[1]      ; HEX2[1]     ; 6.457 ; 6.457 ; 6.457 ; 6.457 ;
; SW[1]      ; HEX2[2]     ; 6.392 ;       ;       ; 6.392 ;
; SW[1]      ; HEX2[3]     ; 6.455 ; 6.455 ; 6.455 ; 6.455 ;
; SW[1]      ; HEX2[4]     ;       ; 6.211 ; 6.211 ;       ;
; SW[1]      ; HEX2[5]     ; 6.200 ; 6.200 ; 6.200 ; 6.200 ;
; SW[1]      ; HEX2[6]     ; 6.188 ; 6.188 ; 6.188 ; 6.188 ;
; SW[2]      ; HEX2[0]     ; 6.176 ; 6.176 ; 6.176 ; 6.176 ;
; SW[2]      ; HEX2[1]     ; 6.122 ;       ;       ; 6.122 ;
; SW[2]      ; HEX2[2]     ; 6.056 ; 6.056 ; 6.056 ; 6.056 ;
; SW[2]      ; HEX2[3]     ; 6.137 ; 6.137 ; 6.137 ; 6.137 ;
; SW[2]      ; HEX2[4]     ; 5.875 ; 5.875 ; 5.875 ; 5.875 ;
; SW[2]      ; HEX2[5]     ; 5.884 ; 5.884 ; 5.884 ; 5.884 ;
; SW[2]      ; HEX2[6]     ; 5.872 ; 5.872 ; 5.872 ; 5.872 ;
; SW[3]      ; HEX2[0]     ; 6.914 ; 6.914 ; 6.914 ; 6.914 ;
; SW[3]      ; HEX2[1]     ; 6.864 ; 6.864 ; 6.864 ; 6.864 ;
; SW[3]      ; HEX2[2]     ; 6.772 ; 6.772 ; 6.772 ; 6.772 ;
; SW[3]      ; HEX2[3]     ; 6.876 ; 6.876 ; 6.876 ; 6.876 ;
; SW[3]      ; HEX2[4]     ;       ; 6.613 ; 6.613 ;       ;
; SW[3]      ; HEX2[5]     ; 6.590 ; 6.590 ; 6.590 ; 6.590 ;
; SW[3]      ; HEX2[6]     ; 6.609 ; 6.609 ; 6.609 ; 6.609 ;
; SW[4]      ; HEX3[0]     ; 6.533 ; 6.533 ; 6.533 ; 6.533 ;
; SW[4]      ; HEX3[1]     ; 6.309 ; 6.309 ; 6.309 ; 6.309 ;
; SW[4]      ; HEX3[2]     ;       ; 6.307 ; 6.307 ;       ;
; SW[4]      ; HEX3[3]     ; 6.270 ; 6.270 ; 6.270 ; 6.270 ;
; SW[4]      ; HEX3[4]     ; 6.309 ;       ;       ; 6.309 ;
; SW[4]      ; HEX3[5]     ; 6.523 ;       ;       ; 6.523 ;
; SW[4]      ; HEX3[6]     ; 6.573 ; 6.573 ; 6.573 ; 6.573 ;
; SW[5]      ; HEX3[0]     ; 6.901 ; 6.901 ; 6.901 ; 6.901 ;
; SW[5]      ; HEX3[1]     ; 6.713 ; 6.713 ; 6.713 ; 6.713 ;
; SW[5]      ; HEX3[2]     ; 6.711 ;       ;       ; 6.711 ;
; SW[5]      ; HEX3[3]     ; 6.670 ; 6.670 ; 6.670 ; 6.670 ;
; SW[5]      ; HEX3[4]     ;       ; 6.683 ; 6.683 ;       ;
; SW[5]      ; HEX3[5]     ; 6.919 ; 6.919 ; 6.919 ; 6.919 ;
; SW[5]      ; HEX3[6]     ; 6.973 ; 6.973 ; 6.973 ; 6.973 ;
; SW[6]      ; HEX3[0]     ; 6.711 ; 6.711 ; 6.711 ; 6.711 ;
; SW[6]      ; HEX3[1]     ; 6.499 ;       ;       ; 6.499 ;
; SW[6]      ; HEX3[2]     ; 6.497 ; 6.497 ; 6.497 ; 6.497 ;
; SW[6]      ; HEX3[3]     ; 6.455 ; 6.455 ; 6.455 ; 6.455 ;
; SW[6]      ; HEX3[4]     ; 6.499 ; 6.499 ; 6.499 ; 6.499 ;
; SW[6]      ; HEX3[5]     ; 6.702 ; 6.702 ; 6.702 ; 6.702 ;
; SW[6]      ; HEX3[6]     ; 6.752 ; 6.752 ; 6.752 ; 6.752 ;
; SW[7]      ; HEX3[0]     ; 7.426 ; 7.426 ; 7.426 ; 7.426 ;
; SW[7]      ; HEX3[1]     ; 7.239 ; 7.239 ; 7.239 ; 7.239 ;
; SW[7]      ; HEX3[2]     ; 7.238 ; 7.238 ; 7.238 ; 7.238 ;
; SW[7]      ; HEX3[3]     ; 7.192 ; 7.192 ; 7.192 ; 7.192 ;
; SW[7]      ; HEX3[4]     ;       ; 7.210 ; 7.210 ;       ;
; SW[7]      ; HEX3[5]     ; 7.411 ; 7.411 ; 7.411 ; 7.411 ;
; SW[7]      ; HEX3[6]     ; 7.484 ; 7.484 ; 7.484 ; 7.484 ;
; SW[8]      ; HEX4[0]     ; 7.219 ; 7.219 ; 7.219 ; 7.219 ;
; SW[8]      ; HEX4[1]     ; 7.221 ; 7.221 ; 7.221 ; 7.221 ;
; SW[8]      ; HEX4[2]     ;       ; 7.107 ; 7.107 ;       ;
; SW[8]      ; HEX4[3]     ; 6.924 ; 6.924 ; 6.924 ; 6.924 ;
; SW[8]      ; HEX4[4]     ; 6.931 ;       ;       ; 6.931 ;
; SW[8]      ; HEX4[5]     ; 6.931 ;       ;       ; 6.931 ;
; SW[8]      ; HEX4[6]     ; 7.100 ; 7.100 ; 7.100 ; 7.100 ;
; SW[9]      ; HEX4[0]     ; 7.139 ; 7.139 ; 7.139 ; 7.139 ;
; SW[9]      ; HEX4[1]     ; 7.141 ; 7.141 ; 7.141 ; 7.141 ;
; SW[9]      ; HEX4[2]     ; 7.028 ;       ;       ; 7.028 ;
; SW[9]      ; HEX4[3]     ; 6.844 ; 6.844 ; 6.844 ; 6.844 ;
; SW[9]      ; HEX4[4]     ;       ; 6.851 ; 6.851 ;       ;
; SW[9]      ; HEX4[5]     ; 6.850 ; 6.850 ; 6.850 ; 6.850 ;
; SW[9]      ; HEX4[6]     ; 7.018 ; 7.018 ; 7.018 ; 7.018 ;
; SW[10]     ; HEX4[0]     ; 5.860 ; 5.860 ; 5.860 ; 5.860 ;
; SW[10]     ; HEX4[1]     ; 5.862 ;       ;       ; 5.862 ;
; SW[10]     ; HEX4[2]     ; 5.746 ; 5.746 ; 5.746 ; 5.746 ;
; SW[10]     ; HEX4[3]     ; 5.565 ; 5.565 ; 5.565 ; 5.565 ;
; SW[10]     ; HEX4[4]     ; 5.572 ; 5.572 ; 5.572 ; 5.572 ;
; SW[10]     ; HEX4[5]     ; 5.577 ; 5.577 ; 5.577 ; 5.577 ;
; SW[10]     ; HEX4[6]     ; 5.746 ; 5.746 ; 5.746 ; 5.746 ;
; SW[11]     ; HEX4[0]     ; 5.807 ; 5.807 ; 5.807 ; 5.807 ;
; SW[11]     ; HEX4[1]     ; 5.808 ; 5.808 ; 5.808 ; 5.808 ;
; SW[11]     ; HEX4[2]     ; 5.693 ; 5.693 ; 5.693 ; 5.693 ;
; SW[11]     ; HEX4[3]     ; 5.496 ; 5.496 ; 5.496 ; 5.496 ;
; SW[11]     ; HEX4[4]     ;       ; 5.527 ; 5.527 ;       ;
; SW[11]     ; HEX4[5]     ; 5.537 ; 5.537 ; 5.537 ; 5.537 ;
; SW[11]     ; HEX4[6]     ; 5.705 ; 5.705 ; 5.705 ; 5.705 ;
; SW[12]     ; HEX5[0]     ; 5.256 ; 5.256 ; 5.256 ; 5.256 ;
; SW[12]     ; HEX5[1]     ; 5.228 ; 5.228 ; 5.228 ; 5.228 ;
; SW[12]     ; HEX5[2]     ;       ; 5.236 ; 5.236 ;       ;
; SW[12]     ; HEX5[3]     ; 5.552 ; 5.552 ; 5.552 ; 5.552 ;
; SW[12]     ; HEX5[4]     ; 5.539 ;       ;       ; 5.539 ;
; SW[12]     ; HEX5[5]     ; 5.531 ;       ;       ; 5.531 ;
; SW[12]     ; HEX5[6]     ; 5.561 ; 5.561 ; 5.561 ; 5.561 ;
; SW[13]     ; HEX5[0]     ; 9.492 ; 9.492 ; 9.492 ; 9.492 ;
; SW[13]     ; HEX5[1]     ; 9.498 ; 9.498 ; 9.498 ; 9.498 ;
; SW[13]     ; HEX5[2]     ; 9.488 ;       ;       ; 9.488 ;
; SW[13]     ; HEX5[3]     ; 9.817 ; 9.817 ; 9.817 ; 9.817 ;
; SW[13]     ; HEX5[4]     ;       ; 9.771 ; 9.771 ;       ;
; SW[13]     ; HEX5[5]     ; 9.787 ; 9.787 ; 9.787 ; 9.787 ;
; SW[13]     ; HEX5[6]     ; 9.816 ; 9.816 ; 9.816 ; 9.816 ;
; SW[14]     ; HEX5[0]     ; 9.597 ; 9.597 ; 9.597 ; 9.597 ;
; SW[14]     ; HEX5[1]     ; 9.570 ;       ;       ; 9.570 ;
; SW[14]     ; HEX5[2]     ; 9.561 ; 9.561 ; 9.561 ; 9.561 ;
; SW[14]     ; HEX5[3]     ; 9.892 ; 9.892 ; 9.892 ; 9.892 ;
; SW[14]     ; HEX5[4]     ; 9.868 ; 9.868 ; 9.868 ; 9.868 ;
; SW[14]     ; HEX5[5]     ; 9.859 ; 9.859 ; 9.859 ; 9.859 ;
; SW[14]     ; HEX5[6]     ; 9.888 ; 9.888 ; 9.888 ; 9.888 ;
; SW[15]     ; HEX5[0]     ; 9.468 ; 9.468 ; 9.468 ; 9.468 ;
; SW[15]     ; HEX5[1]     ; 9.471 ; 9.471 ; 9.471 ; 9.471 ;
; SW[15]     ; HEX5[2]     ; 9.466 ; 9.466 ; 9.466 ; 9.466 ;
; SW[15]     ; HEX5[3]     ; 9.794 ; 9.794 ; 9.794 ; 9.794 ;
; SW[15]     ; HEX5[4]     ;       ; 9.735 ; 9.735 ;       ;
; SW[15]     ; HEX5[5]     ; 9.728 ; 9.728 ; 9.728 ; 9.728 ;
; SW[15]     ; HEX5[6]     ; 9.790 ; 9.790 ; 9.790 ; 9.790 ;
+------------+-------------+-------+-------+-------+-------+


+----------------------------------------------------------+
; Minimum Progagation Delay                                ;
+------------+-------------+-------+-------+-------+-------+
; Input Port ; Output Port ; RR    ; RF    ; FR    ; FF    ;
+------------+-------------+-------+-------+-------+-------+
; SW[0]      ; HEX2[0]     ; 3.362 ; 3.362 ; 3.362 ; 3.362 ;
; SW[0]      ; HEX2[1]     ; 3.323 ; 3.323 ; 3.323 ; 3.323 ;
; SW[0]      ; HEX2[2]     ;       ; 3.313 ; 3.313 ;       ;
; SW[0]      ; HEX2[3]     ; 3.343 ; 3.343 ; 3.343 ; 3.343 ;
; SW[0]      ; HEX2[4]     ; 3.228 ;       ;       ; 3.228 ;
; SW[0]      ; HEX2[5]     ; 3.226 ;       ;       ; 3.226 ;
; SW[0]      ; HEX2[6]     ; 3.212 ; 3.212 ; 3.212 ; 3.212 ;
; SW[1]      ; HEX2[0]     ; 3.444 ; 3.444 ; 3.444 ; 3.444 ;
; SW[1]      ; HEX2[1]     ; 3.407 ; 3.407 ; 3.407 ; 3.407 ;
; SW[1]      ; HEX2[2]     ; 3.398 ;       ;       ; 3.398 ;
; SW[1]      ; HEX2[3]     ; 3.426 ; 3.426 ; 3.426 ; 3.426 ;
; SW[1]      ; HEX2[4]     ;       ; 3.313 ; 3.313 ;       ;
; SW[1]      ; HEX2[5]     ; 3.304 ; 3.304 ; 3.304 ; 3.304 ;
; SW[1]      ; HEX2[6]     ; 3.293 ; 3.293 ; 3.293 ; 3.293 ;
; SW[2]      ; HEX2[0]     ; 3.308 ; 3.308 ; 3.308 ; 3.308 ;
; SW[2]      ; HEX2[1]     ; 3.260 ;       ;       ; 3.260 ;
; SW[2]      ; HEX2[2]     ; 3.250 ; 3.250 ; 3.250 ; 3.250 ;
; SW[2]      ; HEX2[3]     ; 3.293 ; 3.293 ; 3.293 ; 3.293 ;
; SW[2]      ; HEX2[4]     ; 3.166 ; 3.166 ; 3.166 ; 3.166 ;
; SW[2]      ; HEX2[5]     ; 3.174 ; 3.174 ; 3.174 ; 3.174 ;
; SW[2]      ; HEX2[6]     ; 3.163 ; 3.163 ; 3.163 ; 3.163 ;
; SW[3]      ; HEX2[0]     ; 3.660 ; 3.660 ; 3.660 ; 3.660 ;
; SW[3]      ; HEX2[1]     ; 3.616 ; 3.616 ; 3.616 ; 3.616 ;
; SW[3]      ; HEX2[2]     ; 3.612 ; 3.612 ; 3.612 ; 3.612 ;
; SW[3]      ; HEX2[3]     ; 3.645 ; 3.645 ; 3.645 ; 3.645 ;
; SW[3]      ; HEX2[4]     ;       ; 3.522 ; 3.522 ;       ;
; SW[3]      ; HEX2[5]     ; 3.529 ; 3.529 ; 3.529 ; 3.529 ;
; SW[3]      ; HEX2[6]     ; 3.515 ; 3.515 ; 3.515 ; 3.515 ;
; SW[4]      ; HEX3[0]     ; 3.494 ; 3.494 ; 3.494 ; 3.494 ;
; SW[4]      ; HEX3[1]     ; 3.408 ; 3.408 ; 3.408 ; 3.408 ;
; SW[4]      ; HEX3[2]     ;       ; 3.407 ; 3.407 ;       ;
; SW[4]      ; HEX3[3]     ; 3.388 ; 3.388 ; 3.388 ; 3.388 ;
; SW[4]      ; HEX3[4]     ; 3.407 ;       ;       ; 3.407 ;
; SW[4]      ; HEX3[5]     ; 3.485 ;       ;       ; 3.485 ;
; SW[4]      ; HEX3[6]     ; 3.520 ; 3.520 ; 3.520 ; 3.520 ;
; SW[5]      ; HEX3[0]     ; 3.662 ; 3.662 ; 3.662 ; 3.662 ;
; SW[5]      ; HEX3[1]     ; 3.580 ; 3.580 ; 3.580 ; 3.580 ;
; SW[5]      ; HEX3[2]     ; 3.585 ;       ;       ; 3.585 ;
; SW[5]      ; HEX3[3]     ; 3.557 ; 3.557 ; 3.557 ; 3.557 ;
; SW[5]      ; HEX3[4]     ;       ; 3.580 ; 3.580 ;       ;
; SW[5]      ; HEX3[5]     ; 3.652 ; 3.652 ; 3.652 ; 3.652 ;
; SW[5]      ; HEX3[6]     ; 3.687 ; 3.687 ; 3.687 ; 3.687 ;
; SW[6]      ; HEX3[0]     ; 3.540 ; 3.540 ; 3.540 ; 3.540 ;
; SW[6]      ; HEX3[1]     ; 3.462 ;       ;       ; 3.462 ;
; SW[6]      ; HEX3[2]     ; 3.464 ; 3.464 ; 3.464 ; 3.464 ;
; SW[6]      ; HEX3[3]     ; 3.434 ; 3.434 ; 3.434 ; 3.434 ;
; SW[6]      ; HEX3[4]     ; 3.461 ; 3.461 ; 3.461 ; 3.461 ;
; SW[6]      ; HEX3[5]     ; 3.528 ; 3.528 ; 3.528 ; 3.528 ;
; SW[6]      ; HEX3[6]     ; 3.563 ; 3.563 ; 3.563 ; 3.563 ;
; SW[7]      ; HEX3[0]     ; 3.981 ; 3.981 ; 3.981 ; 3.981 ;
; SW[7]      ; HEX3[1]     ; 3.905 ; 3.905 ; 3.905 ; 3.905 ;
; SW[7]      ; HEX3[2]     ; 3.912 ; 3.912 ; 3.912 ; 3.912 ;
; SW[7]      ; HEX3[3]     ; 3.878 ; 3.878 ; 3.878 ; 3.878 ;
; SW[7]      ; HEX3[4]     ;       ; 3.905 ; 3.905 ;       ;
; SW[7]      ; HEX3[5]     ; 3.964 ; 3.964 ; 3.964 ; 3.964 ;
; SW[7]      ; HEX3[6]     ; 3.999 ; 3.999 ; 3.999 ; 3.999 ;
; SW[8]      ; HEX4[0]     ; 3.845 ; 3.845 ; 3.845 ; 3.845 ;
; SW[8]      ; HEX4[1]     ; 3.849 ; 3.849 ; 3.849 ; 3.849 ;
; SW[8]      ; HEX4[2]     ;       ; 3.799 ; 3.799 ;       ;
; SW[8]      ; HEX4[3]     ; 3.702 ; 3.702 ; 3.702 ; 3.702 ;
; SW[8]      ; HEX4[4]     ; 3.721 ;       ;       ; 3.721 ;
; SW[8]      ; HEX4[5]     ; 3.715 ;       ;       ; 3.715 ;
; SW[8]      ; HEX4[6]     ; 3.790 ; 3.790 ; 3.790 ; 3.790 ;
; SW[9]      ; HEX4[0]     ; 3.847 ; 3.847 ; 3.847 ; 3.847 ;
; SW[9]      ; HEX4[1]     ; 3.854 ; 3.854 ; 3.854 ; 3.854 ;
; SW[9]      ; HEX4[2]     ; 3.804 ;       ;       ; 3.804 ;
; SW[9]      ; HEX4[3]     ; 3.708 ; 3.708 ; 3.708 ; 3.708 ;
; SW[9]      ; HEX4[4]     ;       ; 3.723 ; 3.723 ;       ;
; SW[9]      ; HEX4[5]     ; 3.719 ; 3.719 ; 3.719 ; 3.719 ;
; SW[9]      ; HEX4[6]     ; 3.795 ; 3.795 ; 3.795 ; 3.795 ;
; SW[10]     ; HEX4[0]     ; 3.114 ; 3.114 ; 3.114 ; 3.114 ;
; SW[10]     ; HEX4[1]     ; 3.121 ;       ;       ; 3.121 ;
; SW[10]     ; HEX4[2]     ; 3.071 ; 3.071 ; 3.071 ; 3.071 ;
; SW[10]     ; HEX4[3]     ; 2.976 ; 2.976 ; 2.976 ; 2.976 ;
; SW[10]     ; HEX4[4]     ; 2.992 ; 2.992 ; 2.992 ; 2.992 ;
; SW[10]     ; HEX4[5]     ; 2.993 ; 2.993 ; 2.993 ; 2.993 ;
; SW[10]     ; HEX4[6]     ; 3.068 ; 3.068 ; 3.068 ; 3.068 ;
; SW[11]     ; HEX4[0]     ; 3.095 ; 3.095 ; 3.095 ; 3.095 ;
; SW[11]     ; HEX4[1]     ; 3.098 ; 3.098 ; 3.098 ; 3.098 ;
; SW[11]     ; HEX4[2]     ; 3.044 ; 3.044 ; 3.044 ; 3.044 ;
; SW[11]     ; HEX4[3]     ; 2.962 ; 2.962 ; 2.962 ; 2.962 ;
; SW[11]     ; HEX4[4]     ;       ; 2.976 ; 2.976 ;       ;
; SW[11]     ; HEX4[5]     ; 2.978 ; 2.978 ; 2.978 ; 2.978 ;
; SW[11]     ; HEX4[6]     ; 3.054 ; 3.054 ; 3.054 ; 3.054 ;
; SW[12]     ; HEX5[0]     ; 2.856 ; 2.856 ; 2.856 ; 2.856 ;
; SW[12]     ; HEX5[1]     ; 2.826 ; 2.826 ; 2.826 ; 2.826 ;
; SW[12]     ; HEX5[2]     ;       ; 2.835 ; 2.835 ;       ;
; SW[12]     ; HEX5[3]     ; 2.986 ; 2.986 ; 2.986 ; 2.986 ;
; SW[12]     ; HEX5[4]     ; 2.973 ;       ;       ; 2.973 ;
; SW[12]     ; HEX5[5]     ; 2.972 ;       ;       ; 2.972 ;
; SW[12]     ; HEX5[6]     ; 2.994 ; 2.994 ; 2.994 ; 2.994 ;
; SW[13]     ; HEX5[0]     ; 5.421 ; 5.421 ; 5.421 ; 5.421 ;
; SW[13]     ; HEX5[1]     ; 5.393 ; 5.393 ; 5.393 ; 5.393 ;
; SW[13]     ; HEX5[2]     ; 5.389 ;       ;       ; 5.389 ;
; SW[13]     ; HEX5[3]     ; 5.550 ; 5.550 ; 5.550 ; 5.550 ;
; SW[13]     ; HEX5[4]     ;       ; 5.528 ; 5.528 ;       ;
; SW[13]     ; HEX5[5]     ; 5.524 ; 5.524 ; 5.524 ; 5.524 ;
; SW[13]     ; HEX5[6]     ; 5.547 ; 5.547 ; 5.547 ; 5.547 ;
; SW[14]     ; HEX5[0]     ; 5.462 ; 5.462 ; 5.462 ; 5.462 ;
; SW[14]     ; HEX5[1]     ; 5.434 ;       ;       ; 5.434 ;
; SW[14]     ; HEX5[2]     ; 5.427 ; 5.427 ; 5.427 ; 5.427 ;
; SW[14]     ; HEX5[3]     ; 5.591 ; 5.591 ; 5.591 ; 5.591 ;
; SW[14]     ; HEX5[4]     ; 5.567 ; 5.567 ; 5.567 ; 5.567 ;
; SW[14]     ; HEX5[5]     ; 5.564 ; 5.564 ; 5.564 ; 5.564 ;
; SW[14]     ; HEX5[6]     ; 5.586 ; 5.586 ; 5.586 ; 5.586 ;
; SW[15]     ; HEX5[0]     ; 5.417 ; 5.417 ; 5.417 ; 5.417 ;
; SW[15]     ; HEX5[1]     ; 5.388 ; 5.388 ; 5.388 ; 5.388 ;
; SW[15]     ; HEX5[2]     ; 5.388 ; 5.388 ; 5.388 ; 5.388 ;
; SW[15]     ; HEX5[3]     ; 5.546 ; 5.546 ; 5.546 ; 5.546 ;
; SW[15]     ; HEX5[4]     ;       ; 5.524 ; 5.524 ;       ;
; SW[15]     ; HEX5[5]     ; 5.520 ; 5.520 ; 5.520 ; 5.520 ;
; SW[15]     ; HEX5[6]     ; 5.543 ; 5.543 ; 5.543 ; 5.543 ;
+------------+-------------+-------+-------+-------+-------+


-------------------
; Clock Transfers ;
-------------------
Nothing to report.


---------------
; Report TCCS ;
---------------
No dedicated SERDES Transmitter circuitry present in device or used in design


---------------
; Report RSKM ;
---------------
No dedicated SERDES Receiver circuitry present in device or used in design


+------------------------------------------------+
; Unconstrained Paths                            ;
+---------------------------------+-------+------+
; Property                        ; Setup ; Hold ;
+---------------------------------+-------+------+
; Illegal Clocks                  ; 0     ; 0    ;
; Unconstrained Clocks            ; 0     ; 0    ;
; Unconstrained Input Ports       ; 16    ; 16   ;
; Unconstrained Input Port Paths  ; 112   ; 112  ;
; Unconstrained Output Ports      ; 28    ; 28   ;
; Unconstrained Output Port Paths ; 112   ; 112  ;
+---------------------------------+-------+------+


+------------------------------------+
; TimeQuest Timing Analyzer Messages ;
+------------------------------------+
Info: *******************************************************************
Info: Running Quartus II 64-Bit TimeQuest Timing Analyzer
    Info: Version 13.0.1 Build 232 06/12/2013 Service Pack 1 SJ Web Edition
    Info: Processing started: Sun Mar 12 17:23:28 2017
Info: Command: quartus_sta hierarquiaMemoria -c hierarquiaMemoria
Info: qsta_default_script.tcl version: #1
Warning (20028): Parallel compilation is not licensed and has been disabled
Info (21077): Low junction temperature is 0 degrees C
Info (21077): High junction temperature is 85 degrees C
Critical Warning (332012): Synopsys Design Constraints File file not found: 'hierarquiaMemoria.sdc'. A Synopsys Design Constraints File is required by the TimeQuest Timing Analyzer to get proper timing constraints. Without it, the Compiler will not properly optimize the design.
Info (332142): No user constrained base clocks found in the design. Calling "derive_clocks -period 1.0"
Info (332096): The command derive_clocks did not find any clocks to derive.  No clocks were created or changed.
Warning (332068): No clocks defined in design.
Info: Found TIMEQUEST_REPORT_SCRIPT_INCLUDE_DEFAULT_ANALYSIS = ON
Info (332159): No clocks to report
Info: Analyzing Slow Model
Info (332140): No fmax paths to report
Info (332140): No Setup paths to report
Info (332140): No Hold paths to report
Info (332140): No Recovery paths to report
Info (332140): No Removal paths to report
Info (332140): No Minimum Pulse Width paths to report
Info (332001): The selected device family is not supported by the report_metastability command.
Info: Analyzing Fast Model
Info (332142): No user constrained base clocks found in the design. Calling "derive_clocks -period 1.0"
Info (332096): The command derive_clocks did not find any clocks to derive.  No clocks were created or changed.
Warning (332068): No clocks defined in design.
Info (332140): No Setup paths to report
Info (332140): No Hold paths to report
Info (332140): No Recovery paths to report
Info (332140): No Removal paths to report
Info (332140): No Minimum Pulse Width paths to report
Info (332001): The selected device family is not supported by the report_metastability command.
Info (332102): Design is not fully constrained for setup requirements
Info (332102): Design is not fully constrained for hold requirements
Info: Quartus II 64-Bit TimeQuest Timing Analyzer was successful. 0 errors, 4 warnings
    Info: Peak virtual memory: 433 megabytes
    Info: Processing ended: Sun Mar 12 17:23:35 2017
    Info: Elapsed time: 00:00:07
    Info: Total CPU time (on all processors): 00:00:05


