Analysis & Synthesis report for hierarquiaMemoria
Wed Mar 15 22:58:33 2017
Quartus II 64-Bit Version 13.0.1 Build 232 06/12/2013 Service Pack 1 SJ Web Edition


---------------------
; Table of Contents ;
---------------------
  1. Legal Notice
  2. Analysis & Synthesis Summary
  3. Analysis & Synthesis Settings
  4. Parallel Compilation
  5. Analysis & Synthesis Source Files Read
  6. Analysis & Synthesis Resource Usage Summary
  7. Analysis & Synthesis Resource Utilization by Entity
  8. Logic Cells Representing Combinational Loops
  9. General Register Statistics
 10. Port Connectivity Checks: "memoriaRAM:MRAM1"
 11. Elapsed Time Per Partition
 12. Analysis & Synthesis Messages



----------------
; Legal Notice ;
----------------
Copyright (C) 1991-2013 Altera Corporation
Your use of Altera Corporation's design tools, logic functions 
and other software and tools, and its AMPP partner logic 
functions, and any output files from any of the foregoing 
(including device programming or simulation files), and any 
associated documentation or information are expressly subject 
to the terms and conditions of the Altera Program License 
Subscription Agreement, Altera MegaCore Function License 
Agreement, or other applicable license agreement, including, 
without limitation, that your use is for the sole purpose of 
programming logic devices manufactured by Altera and sold by 
Altera or its authorized distributors.  Please refer to the 
applicable agreement for further details.



+--------------------------------------------------------------------------------------+
; Analysis & Synthesis Summary                                                         ;
+------------------------------------+-------------------------------------------------+
; Analysis & Synthesis Status        ; Successful - Wed Mar 15 22:58:33 2017           ;
; Quartus II 64-Bit Version          ; 13.0.1 Build 232 06/12/2013 SP 1 SJ Web Edition ;
; Revision Name                      ; hierarquiaMemoria                               ;
; Top-level Entity Name              ; hierarquiaMemoria                               ;
; Family                             ; Cyclone II                                      ;
; Total logic elements               ; 34                                              ;
;     Total combinational functions  ; 34                                              ;
;     Dedicated logic registers      ; 0                                               ;
; Total registers                    ; 0                                               ;
; Total pins                         ; 66                                              ;
; Total virtual pins                 ; 0                                               ;
; Total memory bits                  ; 0                                               ;
; Embedded Multiplier 9-bit elements ; 0                                               ;
; Total PLLs                         ; 0                                               ;
+------------------------------------+-------------------------------------------------+


+----------------------------------------------------------------------------------------------------------------------+
; Analysis & Synthesis Settings                                                                                        ;
+----------------------------------------------------------------------------+--------------------+--------------------+
; Option                                                                     ; Setting            ; Default Value      ;
+----------------------------------------------------------------------------+--------------------+--------------------+
; Device                                                                     ; EP2C35F672C6       ;                    ;
; Top-level entity name                                                      ; hierarquiaMemoria  ; hierarquiaMemoria  ;
; Family name                                                                ; Cyclone II         ; Cyclone IV GX      ;
; Use smart compilation                                                      ; Off                ; Off                ;
; Enable parallel Assembler and TimeQuest Timing Analyzer during compilation ; On                 ; On                 ;
; Enable compact report table                                                ; Off                ; Off                ;
; Restructure Multiplexers                                                   ; Auto               ; Auto               ;
; Create Debugging Nodes for IP Cores                                        ; Off                ; Off                ;
; Preserve fewer node names                                                  ; On                 ; On                 ;
; Disable OpenCore Plus hardware evaluation                                  ; Off                ; Off                ;
; Verilog Version                                                            ; Verilog_2001       ; Verilog_2001       ;
; VHDL Version                                                               ; VHDL_1993          ; VHDL_1993          ;
; State Machine Processing                                                   ; Auto               ; Auto               ;
; Safe State Machine                                                         ; Off                ; Off                ;
; Extract Verilog State Machines                                             ; On                 ; On                 ;
; Extract VHDL State Machines                                                ; On                 ; On                 ;
; Ignore Verilog initial constructs                                          ; Off                ; Off                ;
; Iteration limit for constant Verilog loops                                 ; 5000               ; 5000               ;
; Iteration limit for non-constant Verilog loops                             ; 250                ; 250                ;
; Add Pass-Through Logic to Inferred RAMs                                    ; On                 ; On                 ;
; Infer RAMs from Raw Logic                                                  ; On                 ; On                 ;
; Parallel Synthesis                                                         ; On                 ; On                 ;
; DSP Block Balancing                                                        ; Auto               ; Auto               ;
; NOT Gate Push-Back                                                         ; On                 ; On                 ;
; Power-Up Don't Care                                                        ; On                 ; On                 ;
; Remove Redundant Logic Cells                                               ; Off                ; Off                ;
; Remove Duplicate Registers                                                 ; On                 ; On                 ;
; Ignore CARRY Buffers                                                       ; Off                ; Off                ;
; Ignore CASCADE Buffers                                                     ; Off                ; Off                ;
; Ignore GLOBAL Buffers                                                      ; Off                ; Off                ;
; Ignore ROW GLOBAL Buffers                                                  ; Off                ; Off                ;
; Ignore LCELL Buffers                                                       ; Off                ; Off                ;
; Ignore SOFT Buffers                                                        ; On                 ; On                 ;
; Limit AHDL Integers to 32 Bits                                             ; Off                ; Off                ;
; Optimization Technique                                                     ; Balanced           ; Balanced           ;
; Carry Chain Length                                                         ; 70                 ; 70                 ;
; Auto Carry Chains                                                          ; On                 ; On                 ;
; Auto Open-Drain Pins                                                       ; On                 ; On                 ;
; Perform WYSIWYG Primitive Resynthesis                                      ; Off                ; Off                ;
; Auto ROM Replacement                                                       ; On                 ; On                 ;
; Auto RAM Replacement                                                       ; On                 ; On                 ;
; Auto Shift Register Replacement                                            ; Auto               ; Auto               ;
; Allow Shift Register Merging across Hierarchies                            ; Auto               ; Auto               ;
; Auto Clock Enable Replacement                                              ; On                 ; On                 ;
; Strict RAM Replacement                                                     ; Off                ; Off                ;
; Allow Synchronous Control Signals                                          ; On                 ; On                 ;
; Force Use of Synchronous Clear Signals                                     ; Off                ; Off                ;
; Auto RAM to Logic Cell Conversion                                          ; Off                ; Off                ;
; Auto Resource Sharing                                                      ; Off                ; Off                ;
; Allow Any RAM Size For Recognition                                         ; Off                ; Off                ;
; Allow Any ROM Size For Recognition                                         ; Off                ; Off                ;
; Allow Any Shift Register Size For Recognition                              ; Off                ; Off                ;
; Use LogicLock Constraints during Resource Balancing                        ; On                 ; On                 ;
; Ignore translate_off and synthesis_off directives                          ; Off                ; Off                ;
; Timing-Driven Synthesis                                                    ; Off                ; Off                ;
; Report Parameter Settings                                                  ; On                 ; On                 ;
; Report Source Assignments                                                  ; On                 ; On                 ;
; Report Connectivity Checks                                                 ; On                 ; On                 ;
; Ignore Maximum Fan-Out Assignments                                         ; Off                ; Off                ;
; Synchronization Register Chain Length                                      ; 2                  ; 2                  ;
; PowerPlay Power Optimization                                               ; Normal compilation ; Normal compilation ;
; HDL message level                                                          ; Level2             ; Level2             ;
; Suppress Register Optimization Related Messages                            ; Off                ; Off                ;
; Number of Removed Registers Reported in Synthesis Report                   ; 5000               ; 5000               ;
; Number of Swept Nodes Reported in Synthesis Report                         ; 5000               ; 5000               ;
; Number of Inverted Registers Reported in Synthesis Report                  ; 100                ; 100                ;
; Clock MUX Protection                                                       ; On                 ; On                 ;
; Auto Gated Clock Conversion                                                ; Off                ; Off                ;
; Block Design Naming                                                        ; Auto               ; Auto               ;
; SDC constraint protection                                                  ; Off                ; Off                ;
; Synthesis Effort                                                           ; Auto               ; Auto               ;
; Shift Register Replacement - Allow Asynchronous Clear Signal               ; On                 ; On                 ;
; Pre-Mapping Resynthesis Optimization                                       ; Off                ; Off                ;
; Analysis & Synthesis Message Level                                         ; Medium             ; Medium             ;
; Disable Register Merging Across Hierarchies                                ; Auto               ; Auto               ;
; Resource Aware Inference For Block RAM                                     ; On                 ; On                 ;
; Synthesis Seed                                                             ; 1                  ; 1                  ;
+----------------------------------------------------------------------------+--------------------+--------------------+


Parallel compilation was disabled, but you have multiple processors available. Enable parallel compilation to reduce compilation time.
+-------------------------------------+
; Parallel Compilation                ;
+----------------------------+--------+
; Processors                 ; Number ;
+----------------------------+--------+
; Number detected on machine ; 8      ;
; Maximum allowed            ; 1      ;
+----------------------------+--------+


+-------------------------------------------------------------------------------------------------------------------------------------------------------------------------+
; Analysis & Synthesis Source Files Read                                                                                                                                  ;
+----------------------------------+-----------------+------------------------+---------------------------------------------------------------------------------+---------+
; File Name with User-Entered Path ; Used in Netlist ; File Type              ; File Name with Absolute Path                                                    ; Library ;
+----------------------------------+-----------------+------------------------+---------------------------------------------------------------------------------+---------+
; hierarquiaMemoria.v              ; yes             ; User Verilog HDL File  ; C:/Users/vinic/Desktop/LabAOC2/TP1/parte3/hierarquiaMemoria/hierarquiaMemoria.v ;         ;
+----------------------------------+-----------------+------------------------+---------------------------------------------------------------------------------+---------+


+-----------------------------------------------------+
; Analysis & Synthesis Resource Usage Summary         ;
+---------------------------------------------+-------+
; Resource                                    ; Usage ;
+---------------------------------------------+-------+
; Estimated Total logic elements              ; 34    ;
;                                             ;       ;
; Total combinational functions               ; 34    ;
; Logic element usage by number of LUT inputs ;       ;
;     -- 4 input functions                    ; 32    ;
;     -- 3 input functions                    ; 2     ;
;     -- <=2 input functions                  ; 0     ;
;                                             ;       ;
; Logic elements by mode                      ;       ;
;     -- normal mode                          ; 34    ;
;     -- arithmetic mode                      ; 0     ;
;                                             ;       ;
; Total registers                             ; 0     ;
;     -- Dedicated logic registers            ; 0     ;
;     -- I/O registers                        ; 0     ;
;                                             ;       ;
; I/O pins                                    ; 66    ;
; Embedded Multiplier 9-bit elements          ; 0     ;
; Maximum fan-out node                        ; SW[7] ;
; Maximum fan-out                             ; 9     ;
; Total fan-out                               ; 164   ;
; Average fan-out                             ; 1.64  ;
+---------------------------------------------+-------+


+-------------------------------------------------------------------------------------------------------------------------------------------------------------------------------------------------+
; Analysis & Synthesis Resource Utilization by Entity                                                                                                                                             ;
+----------------------------+-------------------+--------------+-------------+--------------+---------+-----------+------+--------------+-----------------------------------------+--------------+
; Compilation Hierarchy Node ; LC Combinationals ; LC Registers ; Memory Bits ; DSP Elements ; DSP 9x9 ; DSP 18x18 ; Pins ; Virtual Pins ; Full Hierarchy Name                     ; Library Name ;
+----------------------------+-------------------+--------------+-------------+--------------+---------+-----------+------+--------------+-----------------------------------------+--------------+
; |hierarquiaMemoria         ; 34 (0)            ; 0 (0)        ; 0           ; 0            ; 0       ; 0         ; 66   ; 0            ; |hierarquiaMemoria                      ; work         ;
;    |display:dispAddress0|  ; 7 (7)             ; 0 (0)        ; 0           ; 0            ; 0       ; 0         ; 0    ; 0            ; |hierarquiaMemoria|display:dispAddress0 ; work         ;
;    |display:dispAddress1|  ; 7 (7)             ; 0 (0)        ; 0           ; 0            ; 0       ; 0         ; 0    ; 0            ; |hierarquiaMemoria|display:dispAddress1 ; work         ;
;    |display:dispDataIn0|   ; 7 (7)             ; 0 (0)        ; 0           ; 0            ; 0       ; 0         ; 0    ; 0            ; |hierarquiaMemoria|display:dispDataIn0  ; work         ;
;    |display:dispDataIn1|   ; 7 (7)             ; 0 (0)        ; 0           ; 0            ; 0       ; 0         ; 0    ; 0            ; |hierarquiaMemoria|display:dispDataIn1  ; work         ;
;    |memoriaCache:MCache1|  ; 3 (3)             ; 0 (0)        ; 0           ; 0            ; 0       ; 0         ; 0    ; 0            ; |hierarquiaMemoria|memoriaCache:MCache1 ; work         ;
;    |memoriaRAM:MRAM1|      ; 3 (3)             ; 0 (0)        ; 0           ; 0            ; 0       ; 0         ; 0    ; 0            ; |hierarquiaMemoria|memoriaRAM:MRAM1     ; work         ;
+----------------------------+-------------------+--------------+-------------+--------------+---------+-----------+------+--------------+-----------------------------------------+--------------+
Note: For table entries with two numbers listed, the numbers in parentheses indicate the number of resources of the given type used by the specific entity alone. The numbers listed outside of parentheses indicate the total resources of the given type used by the specific entity and all of its sub-entities in the hierarchy.


+------------------------------------------------------------+
; Logic Cells Representing Combinational Loops               ;
+--------------------------------------------------------+---+
; Logic Cell Name                                        ;   ;
+--------------------------------------------------------+---+
; memoriaRAM:MRAM1|hit                                   ;   ;
; Number of logic cells representing combinational loops ; 1 ;
+--------------------------------------------------------+---+
Note: All cells listed above may not be present at the end of synthesis due to various synthesis optimizations.


+------------------------------------------------------+
; General Register Statistics                          ;
+----------------------------------------------+-------+
; Statistic                                    ; Value ;
+----------------------------------------------+-------+
; Total registers                              ; 0     ;
; Number of registers using Synchronous Clear  ; 0     ;
; Number of registers using Synchronous Load   ; 0     ;
; Number of registers using Asynchronous Clear ; 0     ;
; Number of registers using Asynchronous Load  ; 0     ;
; Number of registers using Clock Enable       ; 0     ;
; Number of registers using Preset             ; 0     ;
+----------------------------------------------+-------+


+-------------------------------------------------------------------------------------------------------------------+
; Port Connectivity Checks: "memoriaRAM:MRAM1"                                                                      ;
+---------+--------+----------+-------------------------------------------------------------------------------------+
; Port    ; Type   ; Severity ; Details                                                                             ;
+---------+--------+----------+-------------------------------------------------------------------------------------+
; dataOut ; Output ; Info     ; Connected to dangling logic. Logic that only feeds a dangling port will be removed. ;
+---------+--------+----------+-------------------------------------------------------------------------------------+


+-------------------------------+
; Elapsed Time Per Partition    ;
+----------------+--------------+
; Partition Name ; Elapsed Time ;
+----------------+--------------+
; Top            ; 00:00:00     ;
+----------------+--------------+


+-------------------------------+
; Analysis & Synthesis Messages ;
+-------------------------------+
Info: *******************************************************************
Info: Running Quartus II 64-Bit Analysis & Synthesis
    Info: Version 13.0.1 Build 232 06/12/2013 Service Pack 1 SJ Web Edition
    Info: Processing started: Wed Mar 15 22:58:32 2017
Info: Command: quartus_map --read_settings_files=on --write_settings_files=off hierarquiaMemoria -c hierarquiaMemoria
Warning (20028): Parallel compilation is not licensed and has been disabled
Info (12021): Found 4 design units, including 4 entities, in source file hierarquiamemoria.v
    Info (12023): Found entity 1: display
    Info (12023): Found entity 2: memoriaCache
    Info (12023): Found entity 3: memoriaRAM
    Info (12023): Found entity 4: hierarquiaMemoria
Warning (10236): Verilog HDL Implicit Net warning at hierarquiaMemoria.v(194): created implicit net for "writeC"
Info (12127): Elaborating entity "hierarquiaMemoria" for the top level hierarchy
Warning (10036): Verilog HDL or VHDL warning at hierarquiaMemoria.v(186): object "write" assigned a value but never read
Warning (10230): Verilog HDL assignment warning at hierarquiaMemoria.v(187): truncated value with size 9 to match size of target (8)
Warning (10034): Output port "LEDG" at hierarquiaMemoria.v(181) has no driver
Info (12128): Elaborating entity "memoriaCache" for hierarchy "memoriaCache:MCache1"
Warning (10235): Verilog HDL Always Construct warning at hierarquiaMemoria.v(68): variable "write" is read inside the Always Construct but isn't in the Always Construct's Event Control
Warning (10235): Verilog HDL Always Construct warning at hierarquiaMemoria.v(70): variable "hit" is read inside the Always Construct but isn't in the Always Construct's Event Control
Warning (10235): Verilog HDL Always Construct warning at hierarquiaMemoria.v(71): variable "address" is read inside the Always Construct but isn't in the Always Construct's Event Control
Warning (10235): Verilog HDL Always Construct warning at hierarquiaMemoria.v(73): variable "dataIn" is read inside the Always Construct but isn't in the Always Construct's Event Control
Warning (10235): Verilog HDL Always Construct warning at hierarquiaMemoria.v(80): variable "hit" is read inside the Always Construct but isn't in the Always Construct's Event Control
Warning (10235): Verilog HDL Always Construct warning at hierarquiaMemoria.v(82): variable "address" is read inside the Always Construct but isn't in the Always Construct's Event Control
Warning (10235): Verilog HDL Always Construct warning at hierarquiaMemoria.v(84): variable "dataIn" is read inside the Always Construct but isn't in the Always Construct's Event Control
Warning (10235): Verilog HDL Always Construct warning at hierarquiaMemoria.v(97): variable "write" is read inside the Always Construct but isn't in the Always Construct's Event Control
Warning (10235): Verilog HDL Always Construct warning at hierarquiaMemoria.v(100): variable "address" is read inside the Always Construct but isn't in the Always Construct's Event Control
Warning (10235): Verilog HDL Always Construct warning at hierarquiaMemoria.v(105): variable "address" is read inside the Always Construct but isn't in the Always Construct's Event Control
Warning (10240): Verilog HDL Always Construct warning at hierarquiaMemoria.v(67): inferring latch(es) for variable "hit", which holds its previous value in one or more paths through the always construct
Warning (10240): Verilog HDL Always Construct warning at hierarquiaMemoria.v(67): inferring latch(es) for variable "h", which holds its previous value in one or more paths through the always construct
Warning (10240): Verilog HDL Always Construct warning at hierarquiaMemoria.v(67): inferring latch(es) for variable "dirty", which holds its previous value in one or more paths through the always construct
Warning (10240): Verilog HDL Always Construct warning at hierarquiaMemoria.v(67): inferring latch(es) for variable "i", which holds its previous value in one or more paths through the always construct
Warning (10240): Verilog HDL Always Construct warning at hierarquiaMemoria.v(67): inferring latch(es) for variable "j", which holds its previous value in one or more paths through the always construct
Warning (10240): Verilog HDL Always Construct warning at hierarquiaMemoria.v(67): inferring latch(es) for variable "k", which holds its previous value in one or more paths through the always construct
Warning (10240): Verilog HDL Always Construct warning at hierarquiaMemoria.v(67): inferring latch(es) for variable "dataOut", which holds its previous value in one or more paths through the always construct
Warning (10240): Verilog HDL Always Construct warning at hierarquiaMemoria.v(67): inferring latch(es) for variable "l", which holds its previous value in one or more paths through the always construct
Info (10041): Inferred latch for "dataOut[0]" at hierarquiaMemoria.v(67)
Info (10041): Inferred latch for "dataOut[1]" at hierarquiaMemoria.v(67)
Info (10041): Inferred latch for "dataOut[2]" at hierarquiaMemoria.v(67)
Info (10041): Inferred latch for "dataOut[3]" at hierarquiaMemoria.v(67)
Info (10041): Inferred latch for "dataOut[4]" at hierarquiaMemoria.v(67)
Info (10041): Inferred latch for "dataOut[5]" at hierarquiaMemoria.v(67)
Info (10041): Inferred latch for "dataOut[6]" at hierarquiaMemoria.v(67)
Info (10041): Inferred latch for "dataOut[7]" at hierarquiaMemoria.v(67)
Info (10041): Inferred latch for "MCache[0][0]" at hierarquiaMemoria.v(67)
Info (10041): Inferred latch for "MCache[0][1]" at hierarquiaMemoria.v(67)
Info (10041): Inferred latch for "MCache[0][2]" at hierarquiaMemoria.v(67)
Info (10041): Inferred latch for "MCache[0][3]" at hierarquiaMemoria.v(67)
Info (10041): Inferred latch for "MCache[0][4]" at hierarquiaMemoria.v(67)
Info (10041): Inferred latch for "MCache[0][5]" at hierarquiaMemoria.v(67)
Info (10041): Inferred latch for "MCache[0][6]" at hierarquiaMemoria.v(67)
Info (10041): Inferred latch for "MCache[0][7]" at hierarquiaMemoria.v(67)
Info (10041): Inferred latch for "MCache[0][8]" at hierarquiaMemoria.v(67)
Info (10041): Inferred latch for "MCache[0][9]" at hierarquiaMemoria.v(67)
Info (10041): Inferred latch for "MCache[0][10]" at hierarquiaMemoria.v(67)
Info (10041): Inferred latch for "MCache[0][11]" at hierarquiaMemoria.v(67)
Info (10041): Inferred latch for "MCache[0][12]" at hierarquiaMemoria.v(67)
Info (10041): Inferred latch for "MCache[0][13]" at hierarquiaMemoria.v(67)
Info (10041): Inferred latch for "MCache[0][14]" at hierarquiaMemoria.v(67)
Info (10041): Inferred latch for "MCache[0][15]" at hierarquiaMemoria.v(67)
Info (10041): Inferred latch for "MCache[0][16]" at hierarquiaMemoria.v(67)
Info (10041): Inferred latch for "MCache[0][17]" at hierarquiaMemoria.v(67)
Info (10041): Inferred latch for "MCache[0][18]" at hierarquiaMemoria.v(67)
Info (10041): Inferred latch for "MCache[1][0]" at hierarquiaMemoria.v(67)
Info (10041): Inferred latch for "MCache[1][1]" at hierarquiaMemoria.v(67)
Info (10041): Inferred latch for "MCache[1][2]" at hierarquiaMemoria.v(67)
Info (10041): Inferred latch for "MCache[1][3]" at hierarquiaMemoria.v(67)
Info (10041): Inferred latch for "MCache[1][4]" at hierarquiaMemoria.v(67)
Info (10041): Inferred latch for "MCache[1][5]" at hierarquiaMemoria.v(67)
Info (10041): Inferred latch for "MCache[1][6]" at hierarquiaMemoria.v(67)
Info (10041): Inferred latch for "MCache[1][7]" at hierarquiaMemoria.v(67)
Info (10041): Inferred latch for "MCache[1][8]" at hierarquiaMemoria.v(67)
Info (10041): Inferred latch for "MCache[1][9]" at hierarquiaMemoria.v(67)
Info (10041): Inferred latch for "MCache[1][10]" at hierarquiaMemoria.v(67)
Info (10041): Inferred latch for "MCache[1][11]" at hierarquiaMemoria.v(67)
Info (10041): Inferred latch for "MCache[1][12]" at hierarquiaMemoria.v(67)
Info (10041): Inferred latch for "MCache[1][13]" at hierarquiaMemoria.v(67)
Info (10041): Inferred latch for "MCache[1][14]" at hierarquiaMemoria.v(67)
Info (10041): Inferred latch for "MCache[1][15]" at hierarquiaMemoria.v(67)
Info (10041): Inferred latch for "MCache[1][16]" at hierarquiaMemoria.v(67)
Info (10041): Inferred latch for "MCache[1][17]" at hierarquiaMemoria.v(67)
Info (10041): Inferred latch for "MCache[1][18]" at hierarquiaMemoria.v(67)
Info (10041): Inferred latch for "dirty" at hierarquiaMemoria.v(67)
Info (10041): Inferred latch for "hit" at hierarquiaMemoria.v(67)
Info (12128): Elaborating entity "memoriaRAM" for hierarchy "memoriaRAM:MRAM1"
Warning (10235): Verilog HDL Always Construct warning at hierarquiaMemoria.v(150): variable "write" is read inside the Always Construct but isn't in the Always Construct's Event Control
Warning (10235): Verilog HDL Always Construct warning at hierarquiaMemoria.v(152): variable "hit" is read inside the Always Construct but isn't in the Always Construct's Event Control
Warning (10235): Verilog HDL Always Construct warning at hierarquiaMemoria.v(153): variable "address" is read inside the Always Construct but isn't in the Always Construct's Event Control
Warning (10235): Verilog HDL Always Construct warning at hierarquiaMemoria.v(154): variable "dataIn" is read inside the Always Construct but isn't in the Always Construct's Event Control
Warning (10235): Verilog HDL Always Construct warning at hierarquiaMemoria.v(158): variable "write" is read inside the Always Construct but isn't in the Always Construct's Event Control
Warning (10235): Verilog HDL Always Construct warning at hierarquiaMemoria.v(160): variable "hit" is read inside the Always Construct but isn't in the Always Construct's Event Control
Warning (10235): Verilog HDL Always Construct warning at hierarquiaMemoria.v(161): variable "address" is read inside the Always Construct but isn't in the Always Construct's Event Control
Warning (10240): Verilog HDL Always Construct warning at hierarquiaMemoria.v(149): inferring latch(es) for variable "hit", which holds its previous value in one or more paths through the always construct
Warning (10240): Verilog HDL Always Construct warning at hierarquiaMemoria.v(149): inferring latch(es) for variable "i", which holds its previous value in one or more paths through the always construct
Warning (10240): Verilog HDL Always Construct warning at hierarquiaMemoria.v(149): inferring latch(es) for variable "l", which holds its previous value in one or more paths through the always construct
Warning (10240): Verilog HDL Always Construct warning at hierarquiaMemoria.v(149): inferring latch(es) for variable "dataOut", which holds its previous value in one or more paths through the always construct
Info (10041): Inferred latch for "dataOut[0]" at hierarquiaMemoria.v(149)
Info (10041): Inferred latch for "dataOut[1]" at hierarquiaMemoria.v(149)
Info (10041): Inferred latch for "dataOut[2]" at hierarquiaMemoria.v(149)
Info (10041): Inferred latch for "dataOut[3]" at hierarquiaMemoria.v(149)
Info (10041): Inferred latch for "dataOut[4]" at hierarquiaMemoria.v(149)
Info (10041): Inferred latch for "dataOut[5]" at hierarquiaMemoria.v(149)
Info (10041): Inferred latch for "dataOut[6]" at hierarquiaMemoria.v(149)
Info (10041): Inferred latch for "dataOut[7]" at hierarquiaMemoria.v(149)
Info (10041): Inferred latch for "MRAM[0][0]" at hierarquiaMemoria.v(149)
Info (10041): Inferred latch for "MRAM[0][1]" at hierarquiaMemoria.v(149)
Info (10041): Inferred latch for "MRAM[0][2]" at hierarquiaMemoria.v(149)
Info (10041): Inferred latch for "MRAM[0][3]" at hierarquiaMemoria.v(149)
Info (10041): Inferred latch for "MRAM[0][4]" at hierarquiaMemoria.v(149)
Info (10041): Inferred latch for "MRAM[0][5]" at hierarquiaMemoria.v(149)
Info (10041): Inferred latch for "MRAM[0][6]" at hierarquiaMemoria.v(149)
Info (10041): Inferred latch for "MRAM[0][7]" at hierarquiaMemoria.v(149)
Info (10041): Inferred latch for "MRAM[1][0]" at hierarquiaMemoria.v(149)
Info (10041): Inferred latch for "MRAM[1][1]" at hierarquiaMemoria.v(149)
Info (10041): Inferred latch for "MRAM[1][2]" at hierarquiaMemoria.v(149)
Info (10041): Inferred latch for "MRAM[1][3]" at hierarquiaMemoria.v(149)
Info (10041): Inferred latch for "MRAM[1][4]" at hierarquiaMemoria.v(149)
Info (10041): Inferred latch for "MRAM[1][5]" at hierarquiaMemoria.v(149)
Info (10041): Inferred latch for "MRAM[1][6]" at hierarquiaMemoria.v(149)
Info (10041): Inferred latch for "MRAM[1][7]" at hierarquiaMemoria.v(149)
Info (10041): Inferred latch for "MRAM[2][0]" at hierarquiaMemoria.v(149)
Info (10041): Inferred latch for "MRAM[2][1]" at hierarquiaMemoria.v(149)
Info (10041): Inferred latch for "MRAM[2][2]" at hierarquiaMemoria.v(149)
Info (10041): Inferred latch for "MRAM[2][3]" at hierarquiaMemoria.v(149)
Info (10041): Inferred latch for "MRAM[2][4]" at hierarquiaMemoria.v(149)
Info (10041): Inferred latch for "MRAM[2][5]" at hierarquiaMemoria.v(149)
Info (10041): Inferred latch for "MRAM[2][6]" at hierarquiaMemoria.v(149)
Info (10041): Inferred latch for "MRAM[2][7]" at hierarquiaMemoria.v(149)
Info (10041): Inferred latch for "MRAM[3][0]" at hierarquiaMemoria.v(149)
Info (10041): Inferred latch for "MRAM[3][1]" at hierarquiaMemoria.v(149)
Info (10041): Inferred latch for "MRAM[3][2]" at hierarquiaMemoria.v(149)
Info (10041): Inferred latch for "MRAM[3][3]" at hierarquiaMemoria.v(149)
Info (10041): Inferred latch for "MRAM[3][4]" at hierarquiaMemoria.v(149)
Info (10041): Inferred latch for "MRAM[3][5]" at hierarquiaMemoria.v(149)
Info (10041): Inferred latch for "MRAM[3][6]" at hierarquiaMemoria.v(149)
Info (10041): Inferred latch for "MRAM[3][7]" at hierarquiaMemoria.v(149)
Info (10041): Inferred latch for "hit" at hierarquiaMemoria.v(149)
Info (12128): Elaborating entity "display" for hierarchy "display:dispAddress1"
Warning (14025): LATCH primitive "memoriaCache:MCache1|MCache[0][10]" is permanently disabled
Warning (14025): LATCH primitive "memoriaCache:MCache1|MCache[0][9]" is permanently disabled
Warning (14025): LATCH primitive "memoriaCache:MCache1|MCache[0][8]" is permanently disabled
Warning (14025): LATCH primitive "memoriaCache:MCache1|MCache[0][5]" is permanently disabled
Warning (14025): LATCH primitive "memoriaCache:MCache1|MCache[0][4]" is permanently disabled
Warning (14025): LATCH primitive "memoriaCache:MCache1|MCache[0][3]" is permanently disabled
Warning (14025): LATCH primitive "memoriaCache:MCache1|MCache[0][2]" is permanently disabled
Warning (14025): LATCH primitive "memoriaCache:MCache1|MCache[0][1]" is permanently disabled
Warning (14025): LATCH primitive "memoriaCache:MCache1|MCache[0][0]" is permanently disabled
Warning (14025): LATCH primitive "memoriaCache:MCache1|MCache[1][13]" is permanently disabled
Warning (14025): LATCH primitive "memoriaCache:MCache1|MCache[1][12]" is permanently disabled
Warning (14025): LATCH primitive "memoriaCache:MCache1|MCache[1][11]" is permanently disabled
Warning (14025): LATCH primitive "memoriaCache:MCache1|MCache[1][10]" is permanently disabled
Warning (14025): LATCH primitive "memoriaCache:MCache1|MCache[1][9]" is permanently disabled
Warning (14025): LATCH primitive "memoriaCache:MCache1|MCache[1][8]" is permanently disabled
Warning (14025): LATCH primitive "memoriaCache:MCache1|MCache[1][7]" is permanently disabled
Warning (14025): LATCH primitive "memoriaCache:MCache1|MCache[1][6]" is permanently disabled
Warning (14025): LATCH primitive "memoriaCache:MCache1|MCache[1][5]" is permanently disabled
Warning (14025): LATCH primitive "memoriaCache:MCache1|MCache[1][4]" is permanently disabled
Warning (14025): LATCH primitive "memoriaCache:MCache1|MCache[1][3]" is permanently disabled
Warning (14025): LATCH primitive "memoriaCache:MCache1|MCache[1][2]" is permanently disabled
Warning (14025): LATCH primitive "memoriaCache:MCache1|MCache[1][1]" is permanently disabled
Warning (14025): LATCH primitive "memoriaCache:MCache1|MCache[1][0]" is permanently disabled
Warning (14025): LATCH primitive "memoriaCache:MCache1|MCache[0][15]" is permanently disabled
Warning (14025): LATCH primitive "memoriaCache:MCache1|MCache[0][14]" is permanently disabled
Warning (14025): LATCH primitive "memoriaCache:MCache1|MCache[0][13]" is permanently disabled
Warning (14025): LATCH primitive "memoriaCache:MCache1|MCache[0][12]" is permanently disabled
Warning (14025): LATCH primitive "memoriaCache:MCache1|MCache[0][11]" is permanently disabled
Warning (14025): LATCH primitive "memoriaCache:MCache1|MCache[0][7]" is permanently disabled
Warning (14025): LATCH primitive "memoriaCache:MCache1|MCache[0][6]" is permanently disabled
Warning (14025): LATCH primitive "memoriaCache:MCache1|MCache[1][15]" is permanently disabled
Warning (14025): LATCH primitive "memoriaCache:MCache1|MCache[1][14]" is permanently disabled
Warning (13024): Output pins are stuck at VCC or GND
    Warning (13410): Pin "HEX0[6]" is stuck at VCC
    Warning (13410): Pin "HEX0[5]" is stuck at GND
    Warning (13410): Pin "HEX0[4]" is stuck at GND
    Warning (13410): Pin "HEX0[3]" is stuck at GND
    Warning (13410): Pin "HEX0[2]" is stuck at GND
    Warning (13410): Pin "HEX0[1]" is stuck at GND
    Warning (13410): Pin "HEX0[0]" is stuck at GND
    Warning (13410): Pin "HEX1[6]" is stuck at VCC
    Warning (13410): Pin "HEX1[5]" is stuck at GND
    Warning (13410): Pin "HEX1[4]" is stuck at GND
    Warning (13410): Pin "HEX1[3]" is stuck at GND
    Warning (13410): Pin "HEX1[2]" is stuck at GND
    Warning (13410): Pin "HEX1[1]" is stuck at GND
    Warning (13410): Pin "HEX1[0]" is stuck at GND
    Warning (13410): Pin "LEDG[0]" is stuck at GND
    Warning (13410): Pin "LEDG[1]" is stuck at GND
    Warning (13410): Pin "LEDG[2]" is stuck at GND
    Warning (13410): Pin "LEDG[3]" is stuck at GND
Info (16010): Generating hard_block partition "hard_block:auto_generated_inst"
    Info (16011): Adding 0 node(s), including 0 DDIO, 0 PLL, 0 transceiver and 0 LCELL
Warning (21074): Design contains 2 input pin(s) that do not drive logic
    Warning (15610): No output dependent on input pin "SW[16]"
    Warning (15610): No output dependent on input pin "SW[17]"
Info (21057): Implemented 100 device resources after synthesis - the final resource count might be different
    Info (21058): Implemented 18 input pins
    Info (21059): Implemented 48 output pins
    Info (21061): Implemented 34 logic cells
Info: Quartus II 64-Bit Analysis & Synthesis was successful. 0 errors, 88 warnings
    Info: Peak virtual memory: 475 megabytes
    Info: Processing ended: Wed Mar 15 22:58:33 2017
    Info: Elapsed time: 00:00:01
    Info: Total CPU time (on all processors): 00:00:01


